<?xml version="1.0" encoding="utf-8" standalone="no"?>
<test-results xmlns:xsi="http://www.w3.org/2001/XMLSchema-instance" xsi:noNamespaceSchemaLocation="nunit_schema_2.5.xsd" name="Pester" total="380" errors="0" failures="0" not-run="0" inconclusive="0" ignored="0" skipped="0" invalid="0" date="2022-04-03" time="22:11:09">
  <environment clr-version="4.0.30319.42000" user-domain="SLTN-KA" cwd="C:\Users\John.Billekens\GitHub\J81.ADCToolkit" platform="Microsoft Windows 10 Enterprise|C:\WINDOWS|\Device\Harddisk0\Partition3" machine-name="LTSIA-6XY8WF2" nunit-version="2.5.8.0" os-version="10.0.19044" user="John.Billekens" />
  <culture-info current-culture="nl-NL" current-uiculture="en-US" />
  <test-suite type="TestFixture" name="Pester" executed="True" result="Success" success="True" time="101.6689" asserts="0" description="Pester">
    <results>
      <test-suite type="TestFixture" name="C:\Users\John.Billekens\GitHub\J81.ADCToolkit\tests\J81.ADCToolkit.tests.ps1" executed="True" result="Success" success="True" time="101.6689" asserts="0" description="C:\Users\John.Billekens\GitHub\J81.ADCToolkit\tests\J81.ADCToolkit.tests.ps1">
        <results>
          <test-suite type="TestFixture" name="General project validation" executed="True" result="Success" success="True" time="69.4705" asserts="0" description="General project validation">
            <results>
              <test-suite type="ParameterizedTest" name="General project validation.Script &lt;file.Name&gt; should be valid PowerShell" executed="True" result="Success" success="True" time="17.7957" asserts="0" description="Script &lt;file.Name&gt; should be valid PowerShell">
                <results>
                  <test-case description="Script ConvertFrom-ADCVersion.ps1 should be valid PowerShell" name="General project validation.Script ConvertFrom-ADCVersion.ps1 should be valid PowerShell" time="0.0669" asserts="0" success="True" result="Success" executed="True" />
                  <test-case description="Script Invoke-ADCRetrieveCertificateRemoveInfo.ps1 should be valid PowerShell" name="General project validation.Script Invoke-ADCRetrieveCertificateRemoveInfo.ps1 should be valid PowerShell" time="0.0393" asserts="0" success="True" result="Success" executed="True" />
                  <test-case description="Script Write-ADCText.ps1 should be valid PowerShell" name="General project validation.Script Write-ADCText.ps1 should be valid PowerShell" time="0.0541" asserts="0" success="True" result="Success" executed="True" />
                  <test-case description="Script Write-ConsoleText.ps1 should be valid PowerShell" name="General project validation.Script Write-ConsoleText.ps1 should be valid PowerShell" time="0.0465" asserts="0" success="True" result="Success" executed="True" />
                  <test-case description="Script adc-functions-conf-aaa.ps1 should be valid PowerShell" name="General project validation.Script adc-functions-conf-aaa.ps1 should be valid PowerShell" time="0.2533" asserts="0" success="True" result="Success" executed="True" />
                  <test-case description="Script adc-functions-conf-adm.ps1 should be valid PowerShell" name="General project validation.Script adc-functions-conf-adm.ps1 should be valid PowerShell" time="0.0475" asserts="0" success="True" result="Success" executed="True" />
                  <test-case description="Script adc-functions-conf-analytics.ps1 should be valid PowerShell" name="General project validation.Script adc-functions-conf-analytics.ps1 should be valid PowerShell" time="0.0662" asserts="0" success="True" result="Success" executed="True" />
                  <test-case description="Script adc-functions-conf-app.ps1 should be valid PowerShell" name="General project validation.Script adc-functions-conf-app.ps1 should be valid PowerShell" time="0.0481" asserts="0" success="True" result="Success" executed="True" />
                  <test-case description="Script adc-functions-conf-appflow.ps1 should be valid PowerShell" name="General project validation.Script adc-functions-conf-appflow.ps1 should be valid PowerShell" time="0.1238" asserts="0" success="True" result="Success" executed="True" />
                  <test-case description="Script adc-functions-conf-appfw.ps1 should be valid PowerShell" name="General project validation.Script adc-functions-conf-appfw.ps1 should be valid PowerShell" time="0.4897" asserts="0" success="True" result="Success" executed="True" />
                  <test-case description="Script adc-functions-conf-appqoe.ps1 should be valid PowerShell" name="General project validation.Script adc-functions-conf-appqoe.ps1 should be valid PowerShell" time="0.0687" asserts="0" success="True" result="Success" executed="True" />
                  <test-case description="Script adc-functions-conf-audit.ps1 should be valid PowerShell" name="General project validation.Script adc-functions-conf-audit.ps1 should be valid PowerShell" time="0.207" asserts="0" success="True" result="Success" executed="True" />
                  <test-case description="Script adc-functions-conf-authentication.ps1 should be valid PowerShell" name="General project validation.Script adc-functions-conf-authentication.ps1 should be valid PowerShell" time="1.5304" asserts="0" success="True" result="Success" executed="True" />
                  <test-case description="Script adc-functions-conf-authorization.ps1 should be valid PowerShell" name="General project validation.Script adc-functions-conf-authorization.ps1 should be valid PowerShell" time="0.1263" asserts="0" success="True" result="Success" executed="True" />
                  <test-case description="Script adc-functions-conf-autoscale.ps1 should be valid PowerShell" name="General project validation.Script adc-functions-conf-autoscale.ps1 should be valid PowerShell" time="0.1198" asserts="0" success="True" result="Success" executed="True" />
                  <test-case description="Script adc-functions-conf-azure.ps1 should be valid PowerShell" name="General project validation.Script adc-functions-conf-azure.ps1 should be valid PowerShell" time="0.049" asserts="0" success="True" result="Success" executed="True" />
                  <test-case description="Script adc-functions-conf-basic.ps1 should be valid PowerShell" name="General project validation.Script adc-functions-conf-basic.ps1 should be valid PowerShell" time="0.2728" asserts="0" success="True" result="Success" executed="True" />
                  <test-case description="Script adc-functions-conf-bfd.ps1 should be valid PowerShell" name="General project validation.Script adc-functions-conf-bfd.ps1 should be valid PowerShell" time="0.0505" asserts="0" success="True" result="Success" executed="True" />
                  <test-case description="Script adc-functions-conf-bot.ps1 should be valid PowerShell" name="General project validation.Script adc-functions-conf-bot.ps1 should be valid PowerShell" time="0.4638" asserts="0" success="True" result="Success" executed="True" />
                  <test-case description="Script adc-functions-conf-cache.ps1 should be valid PowerShell" name="General project validation.Script adc-functions-conf-cache.ps1 should be valid PowerShell" time="0.1537" asserts="0" success="True" result="Success" executed="True" />
                  <test-case description="Script adc-functions-conf-cloud.ps1 should be valid PowerShell" name="General project validation.Script adc-functions-conf-cloud.ps1 should be valid PowerShell" time="0.0889" asserts="0" success="True" result="Success" executed="True" />
                  <test-case description="Script adc-functions-conf-cluster.ps1 should be valid PowerShell" name="General project validation.Script adc-functions-conf-cluster.ps1 should be valid PowerShell" time="0.1365" asserts="0" success="True" result="Success" executed="True" />
                  <test-case description="Script adc-functions-conf-cmp.ps1 should be valid PowerShell" name="General project validation.Script adc-functions-conf-cmp.ps1 should be valid PowerShell" time="0.0979" asserts="0" success="True" result="Success" executed="True" />
                  <test-case description="Script adc-functions-conf-contentinspection.ps1 should be valid PowerShell" name="General project validation.Script adc-functions-conf-contentinspection.ps1 should be valid PowerShell" time="0.1394" asserts="0" success="True" result="Success" executed="True" />
                  <test-case description="Script adc-functions-conf-cr.ps1 should be valid PowerShell" name="General project validation.Script adc-functions-conf-cr.ps1 should be valid PowerShell" time="0.3592" asserts="0" success="True" result="Success" executed="True" />
                  <test-case description="Script adc-functions-conf-cs.ps1 should be valid PowerShell" name="General project validation.Script adc-functions-conf-cs.ps1 should be valid PowerShell" time="0.1819" asserts="0" success="True" result="Success" executed="True" />
                  <test-case description="Script adc-functions-conf-db.ps1 should be valid PowerShell" name="General project validation.Script adc-functions-conf-db.ps1 should be valid PowerShell" time="0.0449" asserts="0" success="True" result="Success" executed="True" />
                  <test-case description="Script adc-functions-conf-dns.ps1 should be valid PowerShell" name="General project validation.Script adc-functions-conf-dns.ps1 should be valid PowerShell" time="0.1756" asserts="0" success="True" result="Success" executed="True" />
                  <test-case description="Script adc-functions-conf-dos.ps1 should be valid PowerShell" name="General project validation.Script adc-functions-conf-dos.ps1 should be valid PowerShell" time="0.0529" asserts="0" success="True" result="Success" executed="True" />
                  <test-case description="Script adc-functions-conf-feo.ps1 should be valid PowerShell" name="General project validation.Script adc-functions-conf-feo.ps1 should be valid PowerShell" time="0.1" asserts="0" success="True" result="Success" executed="True" />
                  <test-case description="Script adc-functions-conf-filter.ps1 should be valid PowerShell" name="General project validation.Script adc-functions-conf-filter.ps1 should be valid PowerShell" time="0.1953" asserts="0" success="True" result="Success" executed="True" />
                  <test-case description="Script adc-functions-conf-gslb.ps1 should be valid PowerShell" name="General project validation.Script adc-functions-conf-gslb.ps1 should be valid PowerShell" time="0.1691" asserts="0" success="True" result="Success" executed="True" />
                  <test-case description="Script adc-functions-conf-ha.ps1 should be valid PowerShell" name="General project validation.Script adc-functions-conf-ha.ps1 should be valid PowerShell" time="0.0532" asserts="0" success="True" result="Success" executed="True" />
                  <test-case description="Script adc-functions-conf-ica.ps1 should be valid PowerShell" name="General project validation.Script adc-functions-conf-ica.ps1 should be valid PowerShell" time="0.0731" asserts="0" success="True" result="Success" executed="True" />
                  <test-case description="Script adc-functions-conf-ipsec.ps1 should be valid PowerShell" name="General project validation.Script adc-functions-conf-ipsec.ps1 should be valid PowerShell" time="0.0352" asserts="0" success="True" result="Success" executed="True" />
                  <test-case description="Script adc-functions-conf-ipsecalg.ps1 should be valid PowerShell" name="General project validation.Script adc-functions-conf-ipsecalg.ps1 should be valid PowerShell" time="0.0471" asserts="0" success="True" result="Success" executed="True" />
                  <test-case description="Script adc-functions-conf-lb.ps1 should be valid PowerShell" name="General project validation.Script adc-functions-conf-lb.ps1 should be valid PowerShell" time="0.7796" asserts="0" success="True" result="Success" executed="True" />
                  <test-case description="Script adc-functions-conf-lldp.ps1 should be valid PowerShell" name="General project validation.Script adc-functions-conf-lldp.ps1 should be valid PowerShell" time="0.045" asserts="0" success="True" result="Success" executed="True" />
                  <test-case description="Script adc-functions-conf-lsn.ps1 should be valid PowerShell" name="General project validation.Script adc-functions-conf-lsn.ps1 should be valid PowerShell" time="0.1742" asserts="0" success="True" result="Success" executed="True" />
                  <test-case description="Script adc-functions-conf-network.ps1 should be valid PowerShell" name="General project validation.Script adc-functions-conf-network.ps1 should be valid PowerShell" time="0.6473" asserts="0" success="True" result="Success" executed="True" />
                  <test-case description="Script adc-functions-conf-ns.ps1 should be valid PowerShell" name="General project validation.Script adc-functions-conf-ns.ps1 should be valid PowerShell" time="0.7611" asserts="0" success="True" result="Success" executed="True" />
                  <test-case description="Script adc-functions-conf-ntp.ps1 should be valid PowerShell" name="General project validation.Script adc-functions-conf-ntp.ps1 should be valid PowerShell" time="0.0564" asserts="0" success="True" result="Success" executed="True" />
                  <test-case description="Script adc-functions-conf-pcp.ps1 should be valid PowerShell" name="General project validation.Script adc-functions-conf-pcp.ps1 should be valid PowerShell" time="0.06" asserts="0" success="True" result="Success" executed="True" />
                  <test-case description="Script adc-functions-conf-policy.ps1 should be valid PowerShell" name="General project validation.Script adc-functions-conf-policy.ps1 should be valid PowerShell" time="0.663" asserts="0" success="True" result="Success" executed="True" />
                  <test-case description="Script adc-functions-conf-pq.ps1 should be valid PowerShell" name="General project validation.Script adc-functions-conf-pq.ps1 should be valid PowerShell" time="0.0393" asserts="0" success="True" result="Success" executed="True" />
                  <test-case description="Script adc-functions-conf-protocol.ps1 should be valid PowerShell" name="General project validation.Script adc-functions-conf-protocol.ps1 should be valid PowerShell" time="0.041" asserts="0" success="True" result="Success" executed="True" />
                  <test-case description="Script adc-functions-conf-rdp.ps1 should be valid PowerShell" name="General project validation.Script adc-functions-conf-rdp.ps1 should be valid PowerShell" time="0.0484" asserts="0" success="True" result="Success" executed="True" />
                  <test-case description="Script adc-functions-conf-reputation.ps1 should be valid PowerShell" name="General project validation.Script adc-functions-conf-reputation.ps1 should be valid PowerShell" time="0.0421" asserts="0" success="True" result="Success" executed="True" />
                  <test-case description="Script adc-functions-conf-responder.ps1 should be valid PowerShell" name="General project validation.Script adc-functions-conf-responder.ps1 should be valid PowerShell" time="0.1293" asserts="0" success="True" result="Success" executed="True" />
                  <test-case description="Script adc-functions-conf-rewrite.ps1 should be valid PowerShell" name="General project validation.Script adc-functions-conf-rewrite.ps1 should be valid PowerShell" time="0.0791" asserts="0" success="True" result="Success" executed="True" />
                  <test-case description="Script adc-functions-conf-router.ps1 should be valid PowerShell" name="General project validation.Script adc-functions-conf-router.ps1 should be valid PowerShell" time="0.0316" asserts="0" success="True" result="Success" executed="True" />
                  <test-case description="Script adc-functions-conf-sc.ps1 should be valid PowerShell" name="General project validation.Script adc-functions-conf-sc.ps1 should be valid PowerShell" time="0.0472" asserts="0" success="True" result="Success" executed="True" />
                  <test-case description="Script adc-functions-conf-smpp.ps1 should be valid PowerShell" name="General project validation.Script adc-functions-conf-smpp.ps1 should be valid PowerShell" time="0.0523" asserts="0" success="True" result="Success" executed="True" />
                  <test-case description="Script adc-functions-conf-snmp.ps1 should be valid PowerShell" name="General project validation.Script adc-functions-conf-snmp.ps1 should be valid PowerShell" time="0.1059" asserts="0" success="True" result="Success" executed="True" />
                  <test-case description="Script adc-functions-conf-spillover.ps1 should be valid PowerShell" name="General project validation.Script adc-functions-conf-spillover.ps1 should be valid PowerShell" time="2.4618" asserts="0" success="True" result="Success" executed="True" />
                  <test-case description="Script adc-functions-conf-ssl.ps1 should be valid PowerShell" name="General project validation.Script adc-functions-conf-ssl.ps1 should be valid PowerShell" time="0.4067" asserts="0" success="True" result="Success" executed="True" />
                  <test-case description="Script adc-functions-conf-stream.ps1 should be valid PowerShell" name="General project validation.Script adc-functions-conf-stream.ps1 should be valid PowerShell" time="0.0805" asserts="0" success="True" result="Success" executed="True" />
                  <test-case description="Script adc-functions-conf-subscriber.ps1 should be valid PowerShell" name="General project validation.Script adc-functions-conf-subscriber.ps1 should be valid PowerShell" time="0.0681" asserts="0" success="True" result="Success" executed="True" />
                  <test-case description="Script adc-functions-conf-system.ps1 should be valid PowerShell" name="General project validation.Script adc-functions-conf-system.ps1 should be valid PowerShell" time="0.1694" asserts="0" success="True" result="Success" executed="True" />
                  <test-case description="Script adc-functions-conf-tm.ps1 should be valid PowerShell" name="General project validation.Script adc-functions-conf-tm.ps1 should be valid PowerShell" time="0.3052" asserts="0" success="True" result="Success" executed="True" />
                  <test-case description="Script adc-functions-conf-transform.ps1 should be valid PowerShell" name="General project validation.Script adc-functions-conf-transform.ps1 should be valid PowerShell" time="0.0771" asserts="0" success="True" result="Success" executed="True" />
                  <test-case description="Script adc-functions-conf-tunnel.ps1 should be valid PowerShell" name="General project validation.Script adc-functions-conf-tunnel.ps1 should be valid PowerShell" time="0.0498" asserts="0" success="True" result="Success" executed="True" />
                  <test-case description="Script adc-functions-conf-ulfd.ps1 should be valid PowerShell" name="General project validation.Script adc-functions-conf-ulfd.ps1 should be valid PowerShell" time="0.0335" asserts="0" success="True" result="Success" executed="True" />
                  <test-case description="Script adc-functions-conf-urlfiltering.ps1 should be valid PowerShell" name="General project validation.Script adc-functions-conf-urlfiltering.ps1 should be valid PowerShell" time="0.0445" asserts="0" success="True" result="Success" executed="True" />
                  <test-case description="Script adc-functions-conf-user.ps1 should be valid PowerShell" name="General project validation.Script adc-functions-conf-user.ps1 should be valid PowerShell" time="0.0491" asserts="0" success="True" result="Success" executed="True" />
                  <test-case description="Script adc-functions-conf-utility.ps1 should be valid PowerShell" name="General project validation.Script adc-functions-conf-utility.ps1 should be valid PowerShell" time="0.0422" asserts="0" success="True" result="Success" executed="True" />
                  <test-case description="Script adc-functions-conf-videooptimization.ps1 should be valid PowerShell" name="General project validation.Script adc-functions-conf-videooptimization.ps1 should be valid PowerShell" time="0.1113" asserts="0" success="True" result="Success" executed="True" />
                  <test-case description="Script adc-functions-conf-vpn.ps1 should be valid PowerShell" name="General project validation.Script adc-functions-conf-vpn.ps1 should be valid PowerShell" time="0.6198" asserts="0" success="True" result="Success" executed="True" />
                  <test-case description="Script adc-functions-conf-wf.ps1 should be valid PowerShell" name="General project validation.Script adc-functions-conf-wf.ps1 should be valid PowerShell" time="0.039" asserts="0" success="True" result="Success" executed="True" />
                  <test-case description="Script adc-functions-conf-wi.ps1 should be valid PowerShell" name="General project validation.Script adc-functions-conf-wi.ps1 should be valid PowerShell" time="0.0735" asserts="0" success="True" result="Success" executed="True" />
                  <test-case description="Script adc-functions-conf-xm.ps1 should be valid PowerShell" name="General project validation.Script adc-functions-conf-xm.ps1 should be valid PowerShell" time="0.0408" asserts="0" success="True" result="Success" executed="True" />
                  <test-case description="Script adc-functions-stat-aaa.ps1 should be valid PowerShell" name="General project validation.Script adc-functions-stat-aaa.ps1 should be valid PowerShell" time="0.0442" asserts="0" success="True" result="Success" executed="True" />
                  <test-case description="Script adc-functions-stat-appflow.ps1 should be valid PowerShell" name="General project validation.Script adc-functions-stat-appflow.ps1 should be valid PowerShell" time="0.0409" asserts="0" success="True" result="Success" executed="True" />
                  <test-case description="Script adc-functions-stat-appfw.ps1 should be valid PowerShell" name="General project validation.Script adc-functions-stat-appfw.ps1 should be valid PowerShell" time="0.0449" asserts="0" success="True" result="Success" executed="True" />
                  <test-case description="Script adc-functions-stat-appqoe.ps1 should be valid PowerShell" name="General project validation.Script adc-functions-stat-appqoe.ps1 should be valid PowerShell" time="0.0466" asserts="0" success="True" result="Success" executed="True" />
                  <test-case description="Script adc-functions-stat-audit.ps1 should be valid PowerShell" name="General project validation.Script adc-functions-stat-audit.ps1 should be valid PowerShell" time="0.0609" asserts="0" success="True" result="Success" executed="True" />
                  <test-case description="Script adc-functions-stat-authentication.ps1 should be valid PowerShell" name="General project validation.Script adc-functions-stat-authentication.ps1 should be valid PowerShell" time="0.0505" asserts="0" success="True" result="Success" executed="True" />
                  <test-case description="Script adc-functions-stat-authorization.ps1 should be valid PowerShell" name="General project validation.Script adc-functions-stat-authorization.ps1 should be valid PowerShell" time="0.4911" asserts="0" success="True" result="Success" executed="True" />
                  <test-case description="Script adc-functions-stat-autoscale.ps1 should be valid PowerShell" name="General project validation.Script adc-functions-stat-autoscale.ps1 should be valid PowerShell" time="0.0324" asserts="0" success="True" result="Success" executed="True" />
                  <test-case description="Script adc-functions-stat-basic.ps1 should be valid PowerShell" name="General project validation.Script adc-functions-stat-basic.ps1 should be valid PowerShell" time="0.0323" asserts="0" success="True" result="Success" executed="True" />
                  <test-case description="Script adc-functions-stat-bot.ps1 should be valid PowerShell" name="General project validation.Script adc-functions-stat-bot.ps1 should be valid PowerShell" time="0.0427" asserts="0" success="True" result="Success" executed="True" />
                  <test-case description="Script adc-functions-stat-cache.ps1 should be valid PowerShell" name="General project validation.Script adc-functions-stat-cache.ps1 should be valid PowerShell" time="0.0385" asserts="0" success="True" result="Success" executed="True" />
                  <test-case description="Script adc-functions-stat-cluster.ps1 should be valid PowerShell" name="General project validation.Script adc-functions-stat-cluster.ps1 should be valid PowerShell" time="0.0345" asserts="0" success="True" result="Success" executed="True" />
                  <test-case description="Script adc-functions-stat-cmp.ps1 should be valid PowerShell" name="General project validation.Script adc-functions-stat-cmp.ps1 should be valid PowerShell" time="0.0413" asserts="0" success="True" result="Success" executed="True" />
                  <test-case description="Script adc-functions-stat-contentinspection.ps1 should be valid PowerShell" name="General project validation.Script adc-functions-stat-contentinspection.ps1 should be valid PowerShell" time="0.0463" asserts="0" success="True" result="Success" executed="True" />
                  <test-case description="Script adc-functions-stat-cr.ps1 should be valid PowerShell" name="General project validation.Script adc-functions-stat-cr.ps1 should be valid PowerShell" time="0.0407" asserts="0" success="True" result="Success" executed="True" />
                  <test-case description="Script adc-functions-stat-cs.ps1 should be valid PowerShell" name="General project validation.Script adc-functions-stat-cs.ps1 should be valid PowerShell" time="0.0443" asserts="0" success="True" result="Success" executed="True" />
                  <test-case description="Script adc-functions-stat-dns.ps1 should be valid PowerShell" name="General project validation.Script adc-functions-stat-dns.ps1 should be valid PowerShell" time="0.0371" asserts="0" success="True" result="Success" executed="True" />
                  <test-case description="Script adc-functions-stat-dos.ps1 should be valid PowerShell" name="General project validation.Script adc-functions-stat-dos.ps1 should be valid PowerShell" time="0.0454" asserts="0" success="True" result="Success" executed="True" />
                  <test-case description="Script adc-functions-stat-feo.ps1 should be valid PowerShell" name="General project validation.Script adc-functions-stat-feo.ps1 should be valid PowerShell" time="0.041" asserts="0" success="True" result="Success" executed="True" />
                  <test-case description="Script adc-functions-stat-gslb.ps1 should be valid PowerShell" name="General project validation.Script adc-functions-stat-gslb.ps1 should be valid PowerShell" time="0.0478" asserts="0" success="True" result="Success" executed="True" />
                  <test-case description="Script adc-functions-stat-ha.ps1 should be valid PowerShell" name="General project validation.Script adc-functions-stat-ha.ps1 should be valid PowerShell" time="0.0379" asserts="0" success="True" result="Success" executed="True" />
                  <test-case description="Script adc-functions-stat-ica.ps1 should be valid PowerShell" name="General project validation.Script adc-functions-stat-ica.ps1 should be valid PowerShell" time="0.035" asserts="0" success="True" result="Success" executed="True" />
                  <test-case description="Script adc-functions-stat-ipsec.ps1 should be valid PowerShell" name="General project validation.Script adc-functions-stat-ipsec.ps1 should be valid PowerShell" time="0.0397" asserts="0" success="True" result="Success" executed="True" />
                  <test-case description="Script adc-functions-stat-ipsecalg.ps1 should be valid PowerShell" name="General project validation.Script adc-functions-stat-ipsecalg.ps1 should be valid PowerShell" time="0.0444" asserts="0" success="True" result="Success" executed="True" />
                  <test-case description="Script adc-functions-stat-lb.ps1 should be valid PowerShell" name="General project validation.Script adc-functions-stat-lb.ps1 should be valid PowerShell" time="0.0374" asserts="0" success="True" result="Success" executed="True" />
                  <test-case description="Script adc-functions-stat-lldp.ps1 should be valid PowerShell" name="General project validation.Script adc-functions-stat-lldp.ps1 should be valid PowerShell" time="0.0499" asserts="0" success="True" result="Success" executed="True" />
                  <test-case description="Script adc-functions-stat-lsn.ps1 should be valid PowerShell" name="General project validation.Script adc-functions-stat-lsn.ps1 should be valid PowerShell" time="0.0584" asserts="0" success="True" result="Success" executed="True" />
                  <test-case description="Script adc-functions-stat-network.ps1 should be valid PowerShell" name="General project validation.Script adc-functions-stat-network.ps1 should be valid PowerShell" time="0.0678" asserts="0" success="True" result="Success" executed="True" />
                  <test-case description="Script adc-functions-stat-ns.ps1 should be valid PowerShell" name="General project validation.Script adc-functions-stat-ns.ps1 should be valid PowerShell" time="0.0535" asserts="0" success="True" result="Success" executed="True" />
                  <test-case description="Script adc-functions-stat-pcp.ps1 should be valid PowerShell" name="General project validation.Script adc-functions-stat-pcp.ps1 should be valid PowerShell" time="0.0671" asserts="0" success="True" result="Success" executed="True" />
                  <test-case description="Script adc-functions-stat-pq.ps1 should be valid PowerShell" name="General project validation.Script adc-functions-stat-pq.ps1 should be valid PowerShell" time="0.0331" asserts="0" success="True" result="Success" executed="True" />
                  <test-case description="Script adc-functions-stat-protocol.ps1 should be valid PowerShell" name="General project validation.Script adc-functions-stat-protocol.ps1 should be valid PowerShell" time="0.0444" asserts="0" success="True" result="Success" executed="True" />
                  <test-case description="Script adc-functions-stat-qos.ps1 should be valid PowerShell" name="General project validation.Script adc-functions-stat-qos.ps1 should be valid PowerShell" time="0.038" asserts="0" success="True" result="Success" executed="True" />
                  <test-case description="Script adc-functions-stat-responder.ps1 should be valid PowerShell" name="General project validation.Script adc-functions-stat-responder.ps1 should be valid PowerShell" time="0.0339" asserts="0" success="True" result="Success" executed="True" />
                  <test-case description="Script adc-functions-stat-rewrite.ps1 should be valid PowerShell" name="General project validation.Script adc-functions-stat-rewrite.ps1 should be valid PowerShell" time="0.0338" asserts="0" success="True" result="Success" executed="True" />
                  <test-case description="Script adc-functions-stat-sc.ps1 should be valid PowerShell" name="General project validation.Script adc-functions-stat-sc.ps1 should be valid PowerShell" time="0.0387" asserts="0" success="True" result="Success" executed="True" />
                  <test-case description="Script adc-functions-stat-snmp.ps1 should be valid PowerShell" name="General project validation.Script adc-functions-stat-snmp.ps1 should be valid PowerShell" time="0.038" asserts="0" success="True" result="Success" executed="True" />
                  <test-case description="Script adc-functions-stat-spillover.ps1 should be valid PowerShell" name="General project validation.Script adc-functions-stat-spillover.ps1 should be valid PowerShell" time="0.0364" asserts="0" success="True" result="Success" executed="True" />
                  <test-case description="Script adc-functions-stat-ssl.ps1 should be valid PowerShell" name="General project validation.Script adc-functions-stat-ssl.ps1 should be valid PowerShell" time="0.187" asserts="0" success="True" result="Success" executed="True" />
                  <test-case description="Script adc-functions-stat-stream.ps1 should be valid PowerShell" name="General project validation.Script adc-functions-stat-stream.ps1 should be valid PowerShell" time="0.0351" asserts="0" success="True" result="Success" executed="True" />
                  <test-case description="Script adc-functions-stat-system.ps1 should be valid PowerShell" name="General project validation.Script adc-functions-stat-system.ps1 should be valid PowerShell" time="0.0546" asserts="0" success="True" result="Success" executed="True" />
                  <test-case description="Script adc-functions-stat-tm.ps1 should be valid PowerShell" name="General project validation.Script adc-functions-stat-tm.ps1 should be valid PowerShell" time="0.0411" asserts="0" success="True" result="Success" executed="True" />
                  <test-case description="Script adc-functions-stat-transform.ps1 should be valid PowerShell" name="General project validation.Script adc-functions-stat-transform.ps1 should be valid PowerShell" time="0.043" asserts="0" success="True" result="Success" executed="True" />
                  <test-case description="Script adc-functions-stat-tunnel.ps1 should be valid PowerShell" name="General project validation.Script adc-functions-stat-tunnel.ps1 should be valid PowerShell" time="0.0621" asserts="0" success="True" result="Success" executed="True" />
                  <test-case description="Script adc-functions-stat-user.ps1 should be valid PowerShell" name="General project validation.Script adc-functions-stat-user.ps1 should be valid PowerShell" time="0.0317" asserts="0" success="True" result="Success" executed="True" />
                  <test-case description="Script adc-functions-stat-videooptimization.ps1 should be valid PowerShell" name="General project validation.Script adc-functions-stat-videooptimization.ps1 should be valid PowerShell" time="0.041" asserts="0" success="True" result="Success" executed="True" />
                  <test-case description="Script adc-functions-stat-vpn.ps1 should be valid PowerShell" name="General project validation.Script adc-functions-stat-vpn.ps1 should be valid PowerShell" time="0.0444" asserts="0" success="True" result="Success" executed="True" />
                  <test-case description="Script Connect-ADCHANodes.ps1 should be valid PowerShell" name="General project validation.Script Connect-ADCHANodes.ps1 should be valid PowerShell" time="0.0489" asserts="0" success="True" result="Success" executed="True" />
                  <test-case description="Script Connect-ADCNode.ps1 should be valid PowerShell" name="General project validation.Script Connect-ADCNode.ps1 should be valid PowerShell" time="0.0512" asserts="0" success="True" result="Success" executed="True" />
                  <test-case description="Script Disconnect-ADCNode.ps1 should be valid PowerShell" name="General project validation.Script Disconnect-ADCNode.ps1 should be valid PowerShell" time="0.0654" asserts="0" success="True" result="Success" executed="True" />
                  <test-case description="Script Expand-ADCResult.ps1 should be valid PowerShell" name="General project validation.Script Expand-ADCResult.ps1 should be valid PowerShell" time="0.1188" asserts="0" success="True" result="Success" executed="True" />
                  <test-case description="Script Get-ADCSession.ps1 should be valid PowerShell" name="General project validation.Script Get-ADCSession.ps1 should be valid PowerShell" time="0.0618" asserts="0" success="True" result="Success" executed="True" />
                  <test-case description="Script Invoke-ADCCleanCertKeyFiles.ps1 should be valid PowerShell" name="General project validation.Script Invoke-ADCCleanCertKeyFiles.ps1 should be valid PowerShell" time="0.0561" asserts="0" success="True" result="Success" executed="True" />
                  <test-case description="Script Invoke-ADCGetSystemFileDirectories.ps1 should be valid PowerShell" name="General project validation.Script Invoke-ADCGetSystemFileDirectories.ps1 should be valid PowerShell" time="0.0277" asserts="0" success="True" result="Success" executed="True" />
                  <test-case description="Script Invoke-ADCNitroApi.ps1 should be valid PowerShell" name="General project validation.Script Invoke-ADCNitroApi.ps1 should be valid PowerShell" time="0.0322" asserts="0" success="True" result="Success" executed="True" />
                </results>
              </test-suite>
              <test-suite type="ParameterizedTest" name="General project validation.Script &lt;file.Name&gt; should be signed" executed="True" result="Success" success="True" time="9.4458" asserts="0" description="Script &lt;file.Name&gt; should be signed">
                <results>
                  <test-case description="Script ConvertFrom-ADCVersion.ps1 should be signed" name="General project validation.Script ConvertFrom-ADCVersion.ps1 should be signed" time="0.0498" asserts="0" success="True" result="Success" executed="True" />
                  <test-case description="Script Invoke-ADCRetrieveCertificateRemoveInfo.ps1 should be signed" name="General project validation.Script Invoke-ADCRetrieveCertificateRemoveInfo.ps1 should be signed" time="0.1305" asserts="0" success="True" result="Success" executed="True" />
                  <test-case description="Script Write-ADCText.ps1 should be signed" name="General project validation.Script Write-ADCText.ps1 should be signed" time="0.0565" asserts="0" success="True" result="Success" executed="True" />
                  <test-case description="Script Write-ConsoleText.ps1 should be signed" name="General project validation.Script Write-ConsoleText.ps1 should be signed" time="0.0308" asserts="0" success="True" result="Success" executed="True" />
                  <test-case description="Script adc-functions-conf-aaa.ps1 should be signed" name="General project validation.Script adc-functions-conf-aaa.ps1 should be signed" time="0.1126" asserts="0" success="True" result="Success" executed="True" />
                  <test-case description="Script adc-functions-conf-adm.ps1 should be signed" name="General project validation.Script adc-functions-conf-adm.ps1 should be signed" time="0.0626" asserts="0" success="True" result="Success" executed="True" />
                  <test-case description="Script adc-functions-conf-analytics.ps1 should be signed" name="General project validation.Script adc-functions-conf-analytics.ps1 should be signed" time="0.0481" asserts="0" success="True" result="Success" executed="True" />
                  <test-case description="Script adc-functions-conf-app.ps1 should be signed" name="General project validation.Script adc-functions-conf-app.ps1 should be signed" time="0.0759" asserts="0" success="True" result="Success" executed="True" />
                  <test-case description="Script adc-functions-conf-appflow.ps1 should be signed" name="General project validation.Script adc-functions-conf-appflow.ps1 should be signed" time="0.0736" asserts="0" success="True" result="Success" executed="True" />
                  <test-case description="Script adc-functions-conf-appfw.ps1 should be signed" name="General project validation.Script adc-functions-conf-appfw.ps1 should be signed" time="0.1366" asserts="0" success="True" result="Success" executed="True" />
                  <test-case description="Script adc-functions-conf-appqoe.ps1 should be signed" name="General project validation.Script adc-functions-conf-appqoe.ps1 should be signed" time="0.0776" asserts="0" success="True" result="Success" executed="True" />
                  <test-case description="Script adc-functions-conf-audit.ps1 should be signed" name="General project validation.Script adc-functions-conf-audit.ps1 should be signed" time="0.0795" asserts="0" success="True" result="Success" executed="True" />
                  <test-case description="Script adc-functions-conf-authentication.ps1 should be signed" name="General project validation.Script adc-functions-conf-authentication.ps1 should be signed" time="0.1896" asserts="0" success="True" result="Success" executed="True" />
                  <test-case description="Script adc-functions-conf-authorization.ps1 should be signed" name="General project validation.Script adc-functions-conf-authorization.ps1 should be signed" time="0.0531" asserts="0" success="True" result="Success" executed="True" />
                  <test-case description="Script adc-functions-conf-autoscale.ps1 should be signed" name="General project validation.Script adc-functions-conf-autoscale.ps1 should be signed" time="0.0635" asserts="0" success="True" result="Success" executed="True" />
                  <test-case description="Script adc-functions-conf-azure.ps1 should be signed" name="General project validation.Script adc-functions-conf-azure.ps1 should be signed" time="0.0481" asserts="0" success="True" result="Success" executed="True" />
                  <test-case description="Script adc-functions-conf-basic.ps1 should be signed" name="General project validation.Script adc-functions-conf-basic.ps1 should be signed" time="0.1231" asserts="0" success="True" result="Success" executed="True" />
                  <test-case description="Script adc-functions-conf-bfd.ps1 should be signed" name="General project validation.Script adc-functions-conf-bfd.ps1 should be signed" time="0.0452" asserts="0" success="True" result="Success" executed="True" />
                  <test-case description="Script adc-functions-conf-bot.ps1 should be signed" name="General project validation.Script adc-functions-conf-bot.ps1 should be signed" time="0.0856" asserts="0" success="True" result="Success" executed="True" />
                  <test-case description="Script adc-functions-conf-cache.ps1 should be signed" name="General project validation.Script adc-functions-conf-cache.ps1 should be signed" time="0.0697" asserts="0" success="True" result="Success" executed="True" />
                  <test-case description="Script adc-functions-conf-cloud.ps1 should be signed" name="General project validation.Script adc-functions-conf-cloud.ps1 should be signed" time="0.0654" asserts="0" success="True" result="Success" executed="True" />
                  <test-case description="Script adc-functions-conf-cluster.ps1 should be signed" name="General project validation.Script adc-functions-conf-cluster.ps1 should be signed" time="0.0596" asserts="0" success="True" result="Success" executed="True" />
                  <test-case description="Script adc-functions-conf-cmp.ps1 should be signed" name="General project validation.Script adc-functions-conf-cmp.ps1 should be signed" time="0.0836" asserts="0" success="True" result="Success" executed="True" />
                  <test-case description="Script adc-functions-conf-contentinspection.ps1 should be signed" name="General project validation.Script adc-functions-conf-contentinspection.ps1 should be signed" time="0.07" asserts="0" success="True" result="Success" executed="True" />
                  <test-case description="Script adc-functions-conf-cr.ps1 should be signed" name="General project validation.Script adc-functions-conf-cr.ps1 should be signed" time="0.066" asserts="0" success="True" result="Success" executed="True" />
                  <test-case description="Script adc-functions-conf-cs.ps1 should be signed" name="General project validation.Script adc-functions-conf-cs.ps1 should be signed" time="0.1165" asserts="0" success="True" result="Success" executed="True" />
                  <test-case description="Script adc-functions-conf-db.ps1 should be signed" name="General project validation.Script adc-functions-conf-db.ps1 should be signed" time="0.0697" asserts="0" success="True" result="Success" executed="True" />
                  <test-case description="Script adc-functions-conf-dns.ps1 should be signed" name="General project validation.Script adc-functions-conf-dns.ps1 should be signed" time="0.0833" asserts="0" success="True" result="Success" executed="True" />
                  <test-case description="Script adc-functions-conf-dos.ps1 should be signed" name="General project validation.Script adc-functions-conf-dos.ps1 should be signed" time="0.0591" asserts="0" success="True" result="Success" executed="True" />
                  <test-case description="Script adc-functions-conf-feo.ps1 should be signed" name="General project validation.Script adc-functions-conf-feo.ps1 should be signed" time="0.0839" asserts="0" success="True" result="Success" executed="True" />
                  <test-case description="Script adc-functions-conf-filter.ps1 should be signed" name="General project validation.Script adc-functions-conf-filter.ps1 should be signed" time="0.0706" asserts="0" success="True" result="Success" executed="True" />
                  <test-case description="Script adc-functions-conf-gslb.ps1 should be signed" name="General project validation.Script adc-functions-conf-gslb.ps1 should be signed" time="0.0864" asserts="0" success="True" result="Success" executed="True" />
                  <test-case description="Script adc-functions-conf-ha.ps1 should be signed" name="General project validation.Script adc-functions-conf-ha.ps1 should be signed" time="0.0642" asserts="0" success="True" result="Success" executed="True" />
                  <test-case description="Script adc-functions-conf-ica.ps1 should be signed" name="General project validation.Script adc-functions-conf-ica.ps1 should be signed" time="0.0834" asserts="0" success="True" result="Success" executed="True" />
                  <test-case description="Script adc-functions-conf-ipsec.ps1 should be signed" name="General project validation.Script adc-functions-conf-ipsec.ps1 should be signed" time="0.0856" asserts="0" success="True" result="Success" executed="True" />
                  <test-case description="Script adc-functions-conf-ipsecalg.ps1 should be signed" name="General project validation.Script adc-functions-conf-ipsecalg.ps1 should be signed" time="0.1353" asserts="0" success="True" result="Success" executed="True" />
                  <test-case description="Script adc-functions-conf-lb.ps1 should be signed" name="General project validation.Script adc-functions-conf-lb.ps1 should be signed" time="0.1518" asserts="0" success="True" result="Success" executed="True" />
                  <test-case description="Script adc-functions-conf-lldp.ps1 should be signed" name="General project validation.Script adc-functions-conf-lldp.ps1 should be signed" time="0.0772" asserts="0" success="True" result="Success" executed="True" />
                  <test-case description="Script adc-functions-conf-lsn.ps1 should be signed" name="General project validation.Script adc-functions-conf-lsn.ps1 should be signed" time="0.0885" asserts="0" success="True" result="Success" executed="True" />
                  <test-case description="Script adc-functions-conf-network.ps1 should be signed" name="General project validation.Script adc-functions-conf-network.ps1 should be signed" time="0.1892" asserts="0" success="True" result="Success" executed="True" />
                  <test-case description="Script adc-functions-conf-ns.ps1 should be signed" name="General project validation.Script adc-functions-conf-ns.ps1 should be signed" time="0.1604" asserts="0" success="True" result="Success" executed="True" />
                  <test-case description="Script adc-functions-conf-ntp.ps1 should be signed" name="General project validation.Script adc-functions-conf-ntp.ps1 should be signed" time="0.0757" asserts="0" success="True" result="Success" executed="True" />
                  <test-case description="Script adc-functions-conf-pcp.ps1 should be signed" name="General project validation.Script adc-functions-conf-pcp.ps1 should be signed" time="0.0496" asserts="0" success="True" result="Success" executed="True" />
                  <test-case description="Script adc-functions-conf-policy.ps1 should be signed" name="General project validation.Script adc-functions-conf-policy.ps1 should be signed" time="0.0762" asserts="0" success="True" result="Success" executed="True" />
                  <test-case description="Script adc-functions-conf-pq.ps1 should be signed" name="General project validation.Script adc-functions-conf-pq.ps1 should be signed" time="0.0592" asserts="0" success="True" result="Success" executed="True" />
                  <test-case description="Script adc-functions-conf-protocol.ps1 should be signed" name="General project validation.Script adc-functions-conf-protocol.ps1 should be signed" time="0.0489" asserts="0" success="True" result="Success" executed="True" />
                  <test-case description="Script adc-functions-conf-rdp.ps1 should be signed" name="General project validation.Script adc-functions-conf-rdp.ps1 should be signed" time="0.071" asserts="0" success="True" result="Success" executed="True" />
                  <test-case description="Script adc-functions-conf-reputation.ps1 should be signed" name="General project validation.Script adc-functions-conf-reputation.ps1 should be signed" time="0.0533" asserts="0" success="True" result="Success" executed="True" />
                  <test-case description="Script adc-functions-conf-responder.ps1 should be signed" name="General project validation.Script adc-functions-conf-responder.ps1 should be signed" time="0.0957" asserts="0" success="True" result="Success" executed="True" />
                  <test-case description="Script adc-functions-conf-rewrite.ps1 should be signed" name="General project validation.Script adc-functions-conf-rewrite.ps1 should be signed" time="0.0796" asserts="0" success="True" result="Success" executed="True" />
                  <test-case description="Script adc-functions-conf-router.ps1 should be signed" name="General project validation.Script adc-functions-conf-router.ps1 should be signed" time="0.0635" asserts="0" success="True" result="Success" executed="True" />
                  <test-case description="Script adc-functions-conf-sc.ps1 should be signed" name="General project validation.Script adc-functions-conf-sc.ps1 should be signed" time="0.0521" asserts="0" success="True" result="Success" executed="True" />
                  <test-case description="Script adc-functions-conf-smpp.ps1 should be signed" name="General project validation.Script adc-functions-conf-smpp.ps1 should be signed" time="0.0694" asserts="0" success="True" result="Success" executed="True" />
                  <test-case description="Script adc-functions-conf-snmp.ps1 should be signed" name="General project validation.Script adc-functions-conf-snmp.ps1 should be signed" time="0.0683" asserts="0" success="True" result="Success" executed="True" />
                  <test-case description="Script adc-functions-conf-spillover.ps1 should be signed" name="General project validation.Script adc-functions-conf-spillover.ps1 should be signed" time="0.0601" asserts="0" success="True" result="Success" executed="True" />
                  <test-case description="Script adc-functions-conf-ssl.ps1 should be signed" name="General project validation.Script adc-functions-conf-ssl.ps1 should be signed" time="0.1367" asserts="0" success="True" result="Success" executed="True" />
                  <test-case description="Script adc-functions-conf-stream.ps1 should be signed" name="General project validation.Script adc-functions-conf-stream.ps1 should be signed" time="0.0518" asserts="0" success="True" result="Success" executed="True" />
                  <test-case description="Script adc-functions-conf-subscriber.ps1 should be signed" name="General project validation.Script adc-functions-conf-subscriber.ps1 should be signed" time="0.0813" asserts="0" success="True" result="Success" executed="True" />
                  <test-case description="Script adc-functions-conf-system.ps1 should be signed" name="General project validation.Script adc-functions-conf-system.ps1 should be signed" time="0.0725" asserts="0" success="True" result="Success" executed="True" />
                  <test-case description="Script adc-functions-conf-tm.ps1 should be signed" name="General project validation.Script adc-functions-conf-tm.ps1 should be signed" time="0.1026" asserts="0" success="True" result="Success" executed="True" />
                  <test-case description="Script adc-functions-conf-transform.ps1 should be signed" name="General project validation.Script adc-functions-conf-transform.ps1 should be signed" time="0.0739" asserts="0" success="True" result="Success" executed="True" />
                  <test-case description="Script adc-functions-conf-tunnel.ps1 should be signed" name="General project validation.Script adc-functions-conf-tunnel.ps1 should be signed" time="0.0721" asserts="0" success="True" result="Success" executed="True" />
                  <test-case description="Script adc-functions-conf-ulfd.ps1 should be signed" name="General project validation.Script adc-functions-conf-ulfd.ps1 should be signed" time="0.0459" asserts="0" success="True" result="Success" executed="True" />
                  <test-case description="Script adc-functions-conf-urlfiltering.ps1 should be signed" name="General project validation.Script adc-functions-conf-urlfiltering.ps1 should be signed" time="0.0687" asserts="0" success="True" result="Success" executed="True" />
                  <test-case description="Script adc-functions-conf-user.ps1 should be signed" name="General project validation.Script adc-functions-conf-user.ps1 should be signed" time="0.0493" asserts="0" success="True" result="Success" executed="True" />
                  <test-case description="Script adc-functions-conf-utility.ps1 should be signed" name="General project validation.Script adc-functions-conf-utility.ps1 should be signed" time="0.0756" asserts="0" success="True" result="Success" executed="True" />
                  <test-case description="Script adc-functions-conf-videooptimization.ps1 should be signed" name="General project validation.Script adc-functions-conf-videooptimization.ps1 should be signed" time="0.0754" asserts="0" success="True" result="Success" executed="True" />
                  <test-case description="Script adc-functions-conf-vpn.ps1 should be signed" name="General project validation.Script adc-functions-conf-vpn.ps1 should be signed" time="0.1858" asserts="0" success="True" result="Success" executed="True" />
                  <test-case description="Script adc-functions-conf-wf.ps1 should be signed" name="General project validation.Script adc-functions-conf-wf.ps1 should be signed" time="0.051" asserts="0" success="True" result="Success" executed="True" />
                  <test-case description="Script adc-functions-conf-wi.ps1 should be signed" name="General project validation.Script adc-functions-conf-wi.ps1 should be signed" time="0.0655" asserts="0" success="True" result="Success" executed="True" />
                  <test-case description="Script adc-functions-conf-xm.ps1 should be signed" name="General project validation.Script adc-functions-conf-xm.ps1 should be signed" time="0.0589" asserts="0" success="True" result="Success" executed="True" />
                  <test-case description="Script adc-functions-stat-aaa.ps1 should be signed" name="General project validation.Script adc-functions-stat-aaa.ps1 should be signed" time="0.0486" asserts="0" success="True" result="Success" executed="True" />
                  <test-case description="Script adc-functions-stat-appflow.ps1 should be signed" name="General project validation.Script adc-functions-stat-appflow.ps1 should be signed" time="0.0715" asserts="0" success="True" result="Success" executed="True" />
                  <test-case description="Script adc-functions-stat-appfw.ps1 should be signed" name="General project validation.Script adc-functions-stat-appfw.ps1 should be signed" time="0.0606" asserts="0" success="True" result="Success" executed="True" />
                  <test-case description="Script adc-functions-stat-appqoe.ps1 should be signed" name="General project validation.Script adc-functions-stat-appqoe.ps1 should be signed" time="0.0582" asserts="0" success="True" result="Success" executed="True" />
                  <test-case description="Script adc-functions-stat-audit.ps1 should be signed" name="General project validation.Script adc-functions-stat-audit.ps1 should be signed" time="0.0787" asserts="0" success="True" result="Success" executed="True" />
                  <test-case description="Script adc-functions-stat-authentication.ps1 should be signed" name="General project validation.Script adc-functions-stat-authentication.ps1 should be signed" time="0.058" asserts="0" success="True" result="Success" executed="True" />
                  <test-case description="Script adc-functions-stat-authorization.ps1 should be signed" name="General project validation.Script adc-functions-stat-authorization.ps1 should be signed" time="0.0709" asserts="0" success="True" result="Success" executed="True" />
                  <test-case description="Script adc-functions-stat-autoscale.ps1 should be signed" name="General project validation.Script adc-functions-stat-autoscale.ps1 should be signed" time="0.0611" asserts="0" success="True" result="Success" executed="True" />
                  <test-case description="Script adc-functions-stat-basic.ps1 should be signed" name="General project validation.Script adc-functions-stat-basic.ps1 should be signed" time="0.0547" asserts="0" success="True" result="Success" executed="True" />
                  <test-case description="Script adc-functions-stat-bot.ps1 should be signed" name="General project validation.Script adc-functions-stat-bot.ps1 should be signed" time="0.0677" asserts="0" success="True" result="Success" executed="True" />
                  <test-case description="Script adc-functions-stat-cache.ps1 should be signed" name="General project validation.Script adc-functions-stat-cache.ps1 should be signed" time="0.0671" asserts="0" success="True" result="Success" executed="True" />
                  <test-case description="Script adc-functions-stat-cluster.ps1 should be signed" name="General project validation.Script adc-functions-stat-cluster.ps1 should be signed" time="0.0487" asserts="0" success="True" result="Success" executed="True" />
                  <test-case description="Script adc-functions-stat-cmp.ps1 should be signed" name="General project validation.Script adc-functions-stat-cmp.ps1 should be signed" time="0.0657" asserts="0" success="True" result="Success" executed="True" />
                  <test-case description="Script adc-functions-stat-contentinspection.ps1 should be signed" name="General project validation.Script adc-functions-stat-contentinspection.ps1 should be signed" time="0.0636" asserts="0" success="True" result="Success" executed="True" />
                  <test-case description="Script adc-functions-stat-cr.ps1 should be signed" name="General project validation.Script adc-functions-stat-cr.ps1 should be signed" time="0.0495" asserts="0" success="True" result="Success" executed="True" />
                  <test-case description="Script adc-functions-stat-cs.ps1 should be signed" name="General project validation.Script adc-functions-stat-cs.ps1 should be signed" time="0.0692" asserts="0" success="True" result="Success" executed="True" />
                  <test-case description="Script adc-functions-stat-dns.ps1 should be signed" name="General project validation.Script adc-functions-stat-dns.ps1 should be signed" time="0.0601" asserts="0" success="True" result="Success" executed="True" />
                  <test-case description="Script adc-functions-stat-dos.ps1 should be signed" name="General project validation.Script adc-functions-stat-dos.ps1 should be signed" time="0.0656" asserts="0" success="True" result="Success" executed="True" />
                  <test-case description="Script adc-functions-stat-feo.ps1 should be signed" name="General project validation.Script adc-functions-stat-feo.ps1 should be signed" time="0.0587" asserts="0" success="True" result="Success" executed="True" />
                  <test-case description="Script adc-functions-stat-gslb.ps1 should be signed" name="General project validation.Script adc-functions-stat-gslb.ps1 should be signed" time="0.0723" asserts="0" success="True" result="Success" executed="True" />
                  <test-case description="Script adc-functions-stat-ha.ps1 should be signed" name="General project validation.Script adc-functions-stat-ha.ps1 should be signed" time="0.074" asserts="0" success="True" result="Success" executed="True" />
                  <test-case description="Script adc-functions-stat-ica.ps1 should be signed" name="General project validation.Script adc-functions-stat-ica.ps1 should be signed" time="0.0436" asserts="0" success="True" result="Success" executed="True" />
                  <test-case description="Script adc-functions-stat-ipsec.ps1 should be signed" name="General project validation.Script adc-functions-stat-ipsec.ps1 should be signed" time="0.0661" asserts="0" success="True" result="Success" executed="True" />
                  <test-case description="Script adc-functions-stat-ipsecalg.ps1 should be signed" name="General project validation.Script adc-functions-stat-ipsecalg.ps1 should be signed" time="0.0556" asserts="0" success="True" result="Success" executed="True" />
                  <test-case description="Script adc-functions-stat-lb.ps1 should be signed" name="General project validation.Script adc-functions-stat-lb.ps1 should be signed" time="0.0572" asserts="0" success="True" result="Success" executed="True" />
                  <test-case description="Script adc-functions-stat-lldp.ps1 should be signed" name="General project validation.Script adc-functions-stat-lldp.ps1 should be signed" time="0.0573" asserts="0" success="True" result="Success" executed="True" />
                  <test-case description="Script adc-functions-stat-lsn.ps1 should be signed" name="General project validation.Script adc-functions-stat-lsn.ps1 should be signed" time="0.0735" asserts="0" success="True" result="Success" executed="True" />
                  <test-case description="Script adc-functions-stat-network.ps1 should be signed" name="General project validation.Script adc-functions-stat-network.ps1 should be signed" time="0.0597" asserts="0" success="True" result="Success" executed="True" />
                  <test-case description="Script adc-functions-stat-ns.ps1 should be signed" name="General project validation.Script adc-functions-stat-ns.ps1 should be signed" time="0.054" asserts="0" success="True" result="Success" executed="True" />
                  <test-case description="Script adc-functions-stat-pcp.ps1 should be signed" name="General project validation.Script adc-functions-stat-pcp.ps1 should be signed" time="0.0589" asserts="0" success="True" result="Success" executed="True" />
                  <test-case description="Script adc-functions-stat-pq.ps1 should be signed" name="General project validation.Script adc-functions-stat-pq.ps1 should be signed" time="0.0492" asserts="0" success="True" result="Success" executed="True" />
                  <test-case description="Script adc-functions-stat-protocol.ps1 should be signed" name="General project validation.Script adc-functions-stat-protocol.ps1 should be signed" time="0.0725" asserts="0" success="True" result="Success" executed="True" />
                  <test-case description="Script adc-functions-stat-qos.ps1 should be signed" name="General project validation.Script adc-functions-stat-qos.ps1 should be signed" time="0.0435" asserts="0" success="True" result="Success" executed="True" />
                  <test-case description="Script adc-functions-stat-responder.ps1 should be signed" name="General project validation.Script adc-functions-stat-responder.ps1 should be signed" time="0.0883" asserts="0" success="True" result="Success" executed="True" />
                  <test-case description="Script adc-functions-stat-rewrite.ps1 should be signed" name="General project validation.Script adc-functions-stat-rewrite.ps1 should be signed" time="0.068" asserts="0" success="True" result="Success" executed="True" />
                  <test-case description="Script adc-functions-stat-sc.ps1 should be signed" name="General project validation.Script adc-functions-stat-sc.ps1 should be signed" time="0.0579" asserts="0" success="True" result="Success" executed="True" />
                  <test-case description="Script adc-functions-stat-snmp.ps1 should be signed" name="General project validation.Script adc-functions-stat-snmp.ps1 should be signed" time="0.0874" asserts="0" success="True" result="Success" executed="True" />
                  <test-case description="Script adc-functions-stat-spillover.ps1 should be signed" name="General project validation.Script adc-functions-stat-spillover.ps1 should be signed" time="0.0733" asserts="0" success="True" result="Success" executed="True" />
                  <test-case description="Script adc-functions-stat-ssl.ps1 should be signed" name="General project validation.Script adc-functions-stat-ssl.ps1 should be signed" time="0.0964" asserts="0" success="True" result="Success" executed="True" />
                  <test-case description="Script adc-functions-stat-stream.ps1 should be signed" name="General project validation.Script adc-functions-stat-stream.ps1 should be signed" time="0.0925" asserts="0" success="True" result="Success" executed="True" />
                  <test-case description="Script adc-functions-stat-system.ps1 should be signed" name="General project validation.Script adc-functions-stat-system.ps1 should be signed" time="0.0635" asserts="0" success="True" result="Success" executed="True" />
                  <test-case description="Script adc-functions-stat-tm.ps1 should be signed" name="General project validation.Script adc-functions-stat-tm.ps1 should be signed" time="0.0804" asserts="0" success="True" result="Success" executed="True" />
                  <test-case description="Script adc-functions-stat-transform.ps1 should be signed" name="General project validation.Script adc-functions-stat-transform.ps1 should be signed" time="0.0634" asserts="0" success="True" result="Success" executed="True" />
                  <test-case description="Script adc-functions-stat-tunnel.ps1 should be signed" name="General project validation.Script adc-functions-stat-tunnel.ps1 should be signed" time="0.081" asserts="0" success="True" result="Success" executed="True" />
                  <test-case description="Script adc-functions-stat-user.ps1 should be signed" name="General project validation.Script adc-functions-stat-user.ps1 should be signed" time="0.1003" asserts="0" success="True" result="Success" executed="True" />
                  <test-case description="Script adc-functions-stat-videooptimization.ps1 should be signed" name="General project validation.Script adc-functions-stat-videooptimization.ps1 should be signed" time="0.0827" asserts="0" success="True" result="Success" executed="True" />
                  <test-case description="Script adc-functions-stat-vpn.ps1 should be signed" name="General project validation.Script adc-functions-stat-vpn.ps1 should be signed" time="0.0741" asserts="0" success="True" result="Success" executed="True" />
                  <test-case description="Script Connect-ADCHANodes.ps1 should be signed" name="General project validation.Script Connect-ADCHANodes.ps1 should be signed" time="0.0654" asserts="0" success="True" result="Success" executed="True" />
                  <test-case description="Script Connect-ADCNode.ps1 should be signed" name="General project validation.Script Connect-ADCNode.ps1 should be signed" time="0.0688" asserts="0" success="True" result="Success" executed="True" />
                  <test-case description="Script Disconnect-ADCNode.ps1 should be signed" name="General project validation.Script Disconnect-ADCNode.ps1 should be signed" time="0.0883" asserts="0" success="True" result="Success" executed="True" />
                  <test-case description="Script Expand-ADCResult.ps1 should be signed" name="General project validation.Script Expand-ADCResult.ps1 should be signed" time="0.0657" asserts="0" success="True" result="Success" executed="True" />
                  <test-case description="Script Get-ADCSession.ps1 should be signed" name="General project validation.Script Get-ADCSession.ps1 should be signed" time="0.0705" asserts="0" success="True" result="Success" executed="True" />
                  <test-case description="Script Invoke-ADCCleanCertKeyFiles.ps1 should be signed" name="General project validation.Script Invoke-ADCCleanCertKeyFiles.ps1 should be signed" time="0.0778" asserts="0" success="True" result="Success" executed="True" />
                  <test-case description="Script Invoke-ADCGetSystemFileDirectories.ps1 should be signed" name="General project validation.Script Invoke-ADCGetSystemFileDirectories.ps1 should be signed" time="0.0617" asserts="0" success="True" result="Success" executed="True" />
                  <test-case description="Script Invoke-ADCNitroApi.ps1 should be signed" name="General project validation.Script Invoke-ADCNitroApi.ps1 should be signed" time="0.0714" asserts="0" success="True" result="Success" executed="True" />
                </results>
              </test-suite>
              <test-suite type="ParameterizedTest" name="General project validation.Script &lt;file.Name&gt; should pass ScriptAnalyzer" executed="True" result="Success" success="True" time="41.9755" asserts="0" description="Script &lt;file.Name&gt; should pass ScriptAnalyzer">
                <results>
                  <test-case description="Script ConvertFrom-ADCVersion.ps1 should pass ScriptAnalyzer" name="General project validation.Script ConvertFrom-ADCVersion.ps1 should pass ScriptAnalyzer" time="0.1888" asserts="0" success="True" result="Success" executed="True" />
                  <test-case description="Script Invoke-ADCRetrieveCertificateRemoveInfo.ps1 should pass ScriptAnalyzer" name="General project validation.Script Invoke-ADCRetrieveCertificateRemoveInfo.ps1 should pass ScriptAnalyzer" time="0.1611" asserts="0" success="True" result="Success" executed="True" />
                  <test-case description="Script Write-ADCText.ps1 should pass ScriptAnalyzer" name="General project validation.Script Write-ADCText.ps1 should pass ScriptAnalyzer" time="0.1026" asserts="0" success="True" result="Success" executed="True" />
                  <test-case description="Script Write-ConsoleText.ps1 should pass ScriptAnalyzer" name="General project validation.Script Write-ConsoleText.ps1 should pass ScriptAnalyzer" time="0.079" asserts="0" success="True" result="Success" executed="True" />
                  <test-case description="Script adc-functions-conf-aaa.ps1 should pass ScriptAnalyzer" name="General project validation.Script adc-functions-conf-aaa.ps1 should pass ScriptAnalyzer" time="0.7186" asserts="0" success="True" result="Success" executed="True" />
                  <test-case description="Script adc-functions-conf-adm.ps1 should pass ScriptAnalyzer" name="General project validation.Script adc-functions-conf-adm.ps1 should pass ScriptAnalyzer" time="0.1174" asserts="0" success="True" result="Success" executed="True" />
                  <test-case description="Script adc-functions-conf-analytics.ps1 should pass ScriptAnalyzer" name="General project validation.Script adc-functions-conf-analytics.ps1 should pass ScriptAnalyzer" time="0.0928" asserts="0" success="True" result="Success" executed="True" />
                  <test-case description="Script adc-functions-conf-app.ps1 should pass ScriptAnalyzer" name="General project validation.Script adc-functions-conf-app.ps1 should pass ScriptAnalyzer" time="0.0674" asserts="0" success="True" result="Success" executed="True" />
                  <test-case description="Script adc-functions-conf-appflow.ps1 should pass ScriptAnalyzer" name="General project validation.Script adc-functions-conf-appflow.ps1 should pass ScriptAnalyzer" time="0.2237" asserts="0" success="True" result="Success" executed="True" />
                  <test-case description="Script adc-functions-conf-appfw.ps1 should pass ScriptAnalyzer" name="General project validation.Script adc-functions-conf-appfw.ps1 should pass ScriptAnalyzer" time="1.2438" asserts="0" success="True" result="Success" executed="True" />
                  <test-case description="Script adc-functions-conf-appqoe.ps1 should pass ScriptAnalyzer" name="General project validation.Script adc-functions-conf-appqoe.ps1 should pass ScriptAnalyzer" time="0.153" asserts="0" success="True" result="Success" executed="True" />
                  <test-case description="Script adc-functions-conf-audit.ps1 should pass ScriptAnalyzer" name="General project validation.Script adc-functions-conf-audit.ps1 should pass ScriptAnalyzer" time="0.2759" asserts="0" success="True" result="Success" executed="True" />
                  <test-case description="Script adc-functions-conf-authentication.ps1 should pass ScriptAnalyzer" name="General project validation.Script adc-functions-conf-authentication.ps1 should pass ScriptAnalyzer" time="3.0723" asserts="0" success="True" result="Success" executed="True" />
                  <test-case description="Script adc-functions-conf-authorization.ps1 should pass ScriptAnalyzer" name="General project validation.Script adc-functions-conf-authorization.ps1 should pass ScriptAnalyzer" time="0.1518" asserts="0" success="True" result="Success" executed="True" />
                  <test-case description="Script adc-functions-conf-autoscale.ps1 should pass ScriptAnalyzer" name="General project validation.Script adc-functions-conf-autoscale.ps1 should pass ScriptAnalyzer" time="0.1088" asserts="0" success="True" result="Success" executed="True" />
                  <test-case description="Script adc-functions-conf-azure.ps1 should pass ScriptAnalyzer" name="General project validation.Script adc-functions-conf-azure.ps1 should pass ScriptAnalyzer" time="0.0796" asserts="0" success="True" result="Success" executed="True" />
                  <test-case description="Script adc-functions-conf-basic.ps1 should pass ScriptAnalyzer" name="General project validation.Script adc-functions-conf-basic.ps1 should pass ScriptAnalyzer" time="0.3518" asserts="0" success="True" result="Success" executed="True" />
                  <test-case description="Script adc-functions-conf-bfd.ps1 should pass ScriptAnalyzer" name="General project validation.Script adc-functions-conf-bfd.ps1 should pass ScriptAnalyzer" time="0.1073" asserts="0" success="True" result="Success" executed="True" />
                  <test-case description="Script adc-functions-conf-bot.ps1 should pass ScriptAnalyzer" name="General project validation.Script adc-functions-conf-bot.ps1 should pass ScriptAnalyzer" time="0.2645" asserts="0" success="True" result="Success" executed="True" />
                  <test-case description="Script adc-functions-conf-cache.ps1 should pass ScriptAnalyzer" name="General project validation.Script adc-functions-conf-cache.ps1 should pass ScriptAnalyzer" time="0.1877" asserts="0" success="True" result="Success" executed="True" />
                  <test-case description="Script adc-functions-conf-cloud.ps1 should pass ScriptAnalyzer" name="General project validation.Script adc-functions-conf-cloud.ps1 should pass ScriptAnalyzer" time="0.1712" asserts="0" success="True" result="Success" executed="True" />
                  <test-case description="Script adc-functions-conf-cluster.ps1 should pass ScriptAnalyzer" name="General project validation.Script adc-functions-conf-cluster.ps1 should pass ScriptAnalyzer" time="0.2464" asserts="0" success="True" result="Success" executed="True" />
                  <test-case description="Script adc-functions-conf-cmp.ps1 should pass ScriptAnalyzer" name="General project validation.Script adc-functions-conf-cmp.ps1 should pass ScriptAnalyzer" time="0.1248" asserts="0" success="True" result="Success" executed="True" />
                  <test-case description="Script adc-functions-conf-contentinspection.ps1 should pass ScriptAnalyzer" name="General project validation.Script adc-functions-conf-contentinspection.ps1 should pass ScriptAnalyzer" time="0.1823" asserts="0" success="True" result="Success" executed="True" />
                  <test-case description="Script adc-functions-conf-cr.ps1 should pass ScriptAnalyzer" name="General project validation.Script adc-functions-conf-cr.ps1 should pass ScriptAnalyzer" time="0.2943" asserts="0" success="True" result="Success" executed="True" />
                  <test-case description="Script adc-functions-conf-cs.ps1 should pass ScriptAnalyzer" name="General project validation.Script adc-functions-conf-cs.ps1 should pass ScriptAnalyzer" time="0.4906" asserts="0" success="True" result="Success" executed="True" />
                  <test-case description="Script adc-functions-conf-db.ps1 should pass ScriptAnalyzer" name="General project validation.Script adc-functions-conf-db.ps1 should pass ScriptAnalyzer" time="0.0876" asserts="0" success="True" result="Success" executed="True" />
                  <test-case description="Script adc-functions-conf-dns.ps1 should pass ScriptAnalyzer" name="General project validation.Script adc-functions-conf-dns.ps1 should pass ScriptAnalyzer" time="0.5577" asserts="0" success="True" result="Success" executed="True" />
                  <test-case description="Script adc-functions-conf-dos.ps1 should pass ScriptAnalyzer" name="General project validation.Script adc-functions-conf-dos.ps1 should pass ScriptAnalyzer" time="0.0861" asserts="0" success="True" result="Success" executed="True" />
                  <test-case description="Script adc-functions-conf-feo.ps1 should pass ScriptAnalyzer" name="General project validation.Script adc-functions-conf-feo.ps1 should pass ScriptAnalyzer" time="0.1067" asserts="0" success="True" result="Success" executed="True" />
                  <test-case description="Script adc-functions-conf-filter.ps1 should pass ScriptAnalyzer" name="General project validation.Script adc-functions-conf-filter.ps1 should pass ScriptAnalyzer" time="0.1213" asserts="0" success="True" result="Success" executed="True" />
                  <test-case description="Script adc-functions-conf-gslb.ps1 should pass ScriptAnalyzer" name="General project validation.Script adc-functions-conf-gslb.ps1 should pass ScriptAnalyzer" time="0.4479" asserts="0" success="True" result="Success" executed="True" />
                  <test-case description="Script adc-functions-conf-ha.ps1 should pass ScriptAnalyzer" name="General project validation.Script adc-functions-conf-ha.ps1 should pass ScriptAnalyzer" time="0.1029" asserts="0" success="True" result="Success" executed="True" />
                  <test-case description="Script adc-functions-conf-ica.ps1 should pass ScriptAnalyzer" name="General project validation.Script adc-functions-conf-ica.ps1 should pass ScriptAnalyzer" time="0.2377" asserts="0" success="True" result="Success" executed="True" />
[...]
                  <test-case description="Script adc-functions-conf-system.ps1 should pass ScriptAnalyzer" name="General project validation.Script adc-functions-conf-system.ps1 should pass ScriptAnalyzer" time="0.4411" asserts="0" success="True" result="Success" executed="True" />
                  <test-case description="Script adc-functions-conf-tm.ps1 should pass ScriptAnalyzer" name="General project validation.Script adc-functions-conf-tm.ps1 should pass ScriptAnalyzer" time="0.3943" asserts="0" success="True" result="Success" executed="True" />
                  <test-case description="Script adc-functions-conf-transform.ps1 should pass ScriptAnalyzer" name="General project validation.Script adc-functions-conf-transform.ps1 should pass ScriptAnalyzer" time="0.1568" asserts="0" success="True" result="Success" executed="True" />
                  <test-case description="Script adc-functions-conf-tunnel.ps1 should pass ScriptAnalyzer" name="General project validation.Script adc-functions-conf-tunnel.ps1 should pass ScriptAnalyzer" time="0.1204" asserts="0" success="True" result="Success" executed="True" />
                  <test-case description="Script adc-functions-conf-ulfd.ps1 should pass ScriptAnalyzer" name="General project validation.Script adc-functions-conf-ulfd.ps1 should pass ScriptAnalyzer" time="0.1017" asserts="0" success="True" result="Success" executed="True" />
                  <test-case description="Script adc-functions-conf-urlfiltering.ps1 should pass ScriptAnalyzer" name="General project validation.Script adc-functions-conf-urlfiltering.ps1 should pass ScriptAnalyzer" time="0.1216" asserts="0" success="True" result="Success" executed="True" />
                  <test-case description="Script adc-functions-conf-user.ps1 should pass ScriptAnalyzer" name="General project validation.Script adc-functions-conf-user.ps1 should pass ScriptAnalyzer" time="0.1313" asserts="0" success="True" result="Success" executed="True" />
                  <test-case description="Script adc-functions-conf-utility.ps1 should pass ScriptAnalyzer" name="General project validation.Script adc-functions-conf-utility.ps1 should pass ScriptAnalyzer" time="0.095" asserts="0" success="True" result="Success" executed="True" />
                  <test-case description="Script adc-functions-conf-videooptimization.ps1 should pass ScriptAnalyzer" name="General project validation.Script adc-functions-conf-videooptimization.ps1 should pass ScriptAnalyzer" time="0.1898" asserts="0" success="True" result="Success" executed="True" />
                  <test-case description="Script adc-functions-conf-vpn.ps1 should pass ScriptAnalyzer" name="General project validation.Script adc-functions-conf-vpn.ps1 should pass ScriptAnalyzer" time="6.8318" asserts="0" success="True" result="Success" executed="True" />
                  <test-case description="Script adc-functions-conf-wf.ps1 should pass ScriptAnalyzer" name="General project validation.Script adc-functions-conf-wf.ps1 should pass ScriptAnalyzer" time="0.1557" asserts="0" success="True" result="Success" executed="True" />
                  <test-case description="Script adc-functions-conf-wi.ps1 should pass ScriptAnalyzer" name="General project validation.Script adc-functions-conf-wi.ps1 should pass ScriptAnalyzer" time="0.1765" asserts="0" success="True" result="Success" executed="True" />
                  <test-case description="Script adc-functions-conf-xm.ps1 should pass ScriptAnalyzer" name="General project validation.Script adc-functions-conf-xm.ps1 should pass ScriptAnalyzer" time="0.1277" asserts="0" success="True" result="Success" executed="True" />
                  <test-case description="Script adc-functions-stat-aaa.ps1 should pass ScriptAnalyzer" name="General project validation.Script adc-functions-stat-aaa.ps1 should pass ScriptAnalyzer" time="0.2164" asserts="0" success="True" result="Success" executed="True" />
                  <test-case description="Script adc-functions-stat-appflow.ps1 should pass ScriptAnalyzer" name="General project validation.Script adc-functions-stat-appflow.ps1 should pass ScriptAnalyzer" time="0.136" asserts="0" success="True" result="Success" executed="True" />
                  <test-case description="Script adc-functions-stat-appfw.ps1 should pass ScriptAnalyzer" name="General project validation.Script adc-functions-stat-appfw.ps1 should pass ScriptAnalyzer" time="0.1864" asserts="0" success="True" result="Success" executed="True" />
                  <test-case description="Script adc-functions-stat-appqoe.ps1 should pass ScriptAnalyzer" name="General project validation.Script adc-functions-stat-appqoe.ps1 should pass ScriptAnalyzer" time="0.1599" asserts="0" success="True" result="Success" executed="True" />
                  <test-case description="Script adc-functions-stat-audit.ps1 should pass ScriptAnalyzer" name="General project validation.Script adc-functions-stat-audit.ps1 should pass ScriptAnalyzer" time="0.1423" asserts="0" success="True" result="Success" executed="True" />
                  <test-case description="Script adc-functions-stat-authentication.ps1 should pass ScriptAnalyzer" name="General project validation.Script adc-functions-stat-authentication.ps1 should pass ScriptAnalyzer" time="0.1151" asserts="0" success="True" result="Success" executed="True" />
                  <test-case description="Script adc-functions-stat-authorization.ps1 should pass ScriptAnalyzer" name="General project validation.Script adc-functions-stat-authorization.ps1 should pass ScriptAnalyzer" time="0.1375" asserts="0" success="True" result="Success" executed="True" />
                  <test-case description="Script adc-functions-stat-autoscale.ps1 should pass ScriptAnalyzer" name="General project validation.Script adc-functions-stat-autoscale.ps1 should pass ScriptAnalyzer" time="0.1576" asserts="0" success="True" result="Success" executed="True" />
                  <test-case description="Script adc-functions-stat-basic.ps1 should pass ScriptAnalyzer" name="General project validation.Script adc-functions-stat-basic.ps1 should pass ScriptAnalyzer" time="0.1308" asserts="0" success="True" result="Success" executed="True" />
                  <test-case description="Script adc-functions-stat-bot.ps1 should pass ScriptAnalyzer" name="General project validation.Script adc-functions-stat-bot.ps1 should pass ScriptAnalyzer" time="0.177" asserts="0" success="True" result="Success" executed="True" />
                  <test-case description="Script adc-functions-stat-cache.ps1 should pass ScriptAnalyzer" name="General project validation.Script adc-functions-stat-cache.ps1 should pass ScriptAnalyzer" time="0.1823" asserts="0" success="True" result="Success" executed="True" />
                  <test-case description="Script adc-functions-stat-cluster.ps1 should pass ScriptAnalyzer" name="General project validation.Script adc-functions-stat-cluster.ps1 should pass ScriptAnalyzer" time="0.1046" asserts="0" success="True" result="Success" executed="True" />
                  <test-case description="Script adc-functions-stat-cmp.ps1 should pass ScriptAnalyzer" name="General project validation.Script adc-functions-stat-cmp.ps1 should pass ScriptAnalyzer" time="0.1218" asserts="0" success="True" result="Success" executed="True" />
                  <test-case description="Script adc-functions-stat-contentinspection.ps1 should pass ScriptAnalyzer" name="General project validation.Script adc-functions-stat-contentinspection.ps1 should pass ScriptAnalyzer" time="0.189" asserts="0" success="True" result="Success" executed="True" />
                  <test-case description="Script adc-functions-stat-cr.ps1 should pass ScriptAnalyzer" name="General project validation.Script adc-functions-stat-cr.ps1 should pass ScriptAnalyzer" time="0.3463" asserts="0" success="True" result="Success" executed="True" />
                  <test-case description="Script adc-functions-stat-cs.ps1 should pass ScriptAnalyzer" name="General project validation.Script adc-functions-stat-cs.ps1 should pass ScriptAnalyzer" time="0.146" asserts="0" success="True" result="Success" executed="True" />
                  <test-case description="Script adc-functions-stat-dns.ps1 should pass ScriptAnalyzer" name="General project validation.Script adc-functions-stat-dns.ps1 should pass ScriptAnalyzer" time="0.2269" asserts="0" success="True" result="Success" executed="True" />
                  <test-case description="Script adc-functions-stat-dos.ps1 should pass ScriptAnalyzer" name="General project validation.Script adc-functions-stat-dos.ps1 should pass ScriptAnalyzer" time="0.1732" asserts="0" success="True" result="Success" executed="True" />
                  <test-case description="Script adc-functions-stat-feo.ps1 should pass ScriptAnalyzer" name="General project validation.Script adc-functions-stat-feo.ps1 should pass ScriptAnalyzer" time="0.1169" asserts="0" success="True" result="Success" executed="True" />
                  <test-case description="Script adc-functions-stat-gslb.ps1 should pass ScriptAnalyzer" name="General project validation.Script adc-functions-stat-gslb.ps1 should pass ScriptAnalyzer" time="0.2762" asserts="0" success="True" result="Success" executed="True" />
                  <test-case description="Script adc-functions-stat-ha.ps1 should pass ScriptAnalyzer" name="General project validation.Script adc-functions-stat-ha.ps1 should pass ScriptAnalyzer" time="0.2707" asserts="0" success="True" result="Success" executed="True" />
                  <test-case description="Script adc-functions-stat-ica.ps1 should pass ScriptAnalyzer" name="General project validation.Script adc-functions-stat-ica.ps1 should pass ScriptAnalyzer" time="0.1287" asserts="0" success="True" result="Success" executed="True" />
                  <test-case description="Script adc-functions-stat-ipsec.ps1 should pass ScriptAnalyzer" name="General project validation.Script adc-functions-stat-ipsec.ps1 should pass ScriptAnalyzer" time="0.1435" asserts="0" success="True" result="Success" executed="True" />
                  <test-case description="Script adc-functions-stat-ipsecalg.ps1 should pass ScriptAnalyzer" name="General project validation.Script adc-functions-stat-ipsecalg.ps1 should pass ScriptAnalyzer" time="0.2489" asserts="0" success="True" result="Success" executed="True" />
                  <test-case description="Script adc-functions-stat-lb.ps1 should pass ScriptAnalyzer" name="General project validation.Script adc-functions-stat-lb.ps1 should pass ScriptAnalyzer" time="0.4019" asserts="0" success="True" result="Success" executed="True" />
                  <test-case description="Script adc-functions-stat-lldp.ps1 should pass ScriptAnalyzer" name="General project validation.Script adc-functions-stat-lldp.ps1 should pass ScriptAnalyzer" time="0.1803" asserts="0" success="True" result="Success" executed="True" />
                  <test-case description="Script adc-functions-stat-lsn.ps1 should pass ScriptAnalyzer" name="General project validation.Script adc-functions-stat-lsn.ps1 should pass ScriptAnalyzer" time="0.1311" asserts="0" success="True" result="Success" executed="True" />
                  <test-case description="Script adc-functions-stat-network.ps1 should pass ScriptAnalyzer" name="General project validation.Script adc-functions-stat-network.ps1 should pass ScriptAnalyzer" time="0.2255" asserts="0" success="True" result="Success" executed="True" />
                  <test-case description="Script adc-functions-stat-ns.ps1 should pass ScriptAnalyzer" name="General project validation.Script adc-functions-stat-ns.ps1 should pass ScriptAnalyzer" time="0.1683" asserts="0" success="True" result="Success" executed="True" />
                  <test-case description="Script adc-functions-stat-pcp.ps1 should pass ScriptAnalyzer" name="General project validation.Script adc-functions-stat-pcp.ps1 should pass ScriptAnalyzer" time="0.113" asserts="0" success="True" result="Success" executed="True" />
                  <test-case description="Script adc-functions-stat-pq.ps1 should pass ScriptAnalyzer" name="General project validation.Script adc-functions-stat-pq.ps1 should pass ScriptAnalyzer" time="0.1281" asserts="0" success="True" result="Success" executed="True" />
                  <test-case description="Script adc-functions-stat-protocol.ps1 should pass ScriptAnalyzer" name="General project validation.Script adc-functions-stat-protocol.ps1 should pass ScriptAnalyzer" time="0.1765" asserts="0" success="True" result="Success" executed="True" />
                  <test-case description="Script adc-functions-stat-qos.ps1 should pass ScriptAnalyzer" name="General project validation.Script adc-functions-stat-qos.ps1 should pass ScriptAnalyzer" time="0.1175" asserts="0" success="True" result="Success" executed="True" />
                  <test-case description="Script adc-functions-stat-responder.ps1 should pass ScriptAnalyzer" name="General project validation.Script adc-functions-stat-responder.ps1 should pass ScriptAnalyzer" time="0.1168" asserts="0" success="True" result="Success" executed="True" />
                  <test-case description="Script adc-functions-stat-rewrite.ps1 should pass ScriptAnalyzer" name="General project validation.Script adc-functions-stat-rewrite.ps1 should pass ScriptAnalyzer" time="0.1582" asserts="0" success="True" result="Success" executed="True" />
                  <test-case description="Script adc-functions-stat-sc.ps1 should pass ScriptAnalyzer" name="General project validation.Script adc-functions-stat-sc.ps1 should pass ScriptAnalyzer" time="0.1974" asserts="0" success="True" result="Success" executed="True" />
                  <test-case description="Script adc-functions-stat-snmp.ps1 should pass ScriptAnalyzer" name="General project validation.Script adc-functions-stat-snmp.ps1 should pass ScriptAnalyzer" time="0.2654" asserts="0" success="True" result="Success" executed="True" />
                  <test-case description="Script adc-functions-stat-spillover.ps1 should pass ScriptAnalyzer" name="General project validation.Script adc-functions-stat-spillover.ps1 should pass ScriptAnalyzer" time="0.2311" asserts="0" success="True" result="Success" executed="True" />
                  <test-case description="Script adc-functions-stat-ssl.ps1 should pass ScriptAnalyzer" name="General project validation.Script adc-functions-stat-ssl.ps1 should pass ScriptAnalyzer" time="0.9951" asserts="0" success="True" result="Success" executed="True" />
                  <test-case description="Script adc-functions-stat-stream.ps1 should pass ScriptAnalyzer" name="General project validation.Script adc-functions-stat-stream.ps1 should pass ScriptAnalyzer" time="0.1265" asserts="0" success="True" result="Success" executed="True" />
                  <test-case description="Script adc-functions-stat-system.ps1 should pass ScriptAnalyzer" name="General project validation.Script adc-functions-stat-system.ps1 should pass ScriptAnalyzer" time="0.0959" asserts="0" success="True" result="Success" executed="True" />
                  <test-case description="Script adc-functions-stat-tm.ps1 should pass ScriptAnalyzer" name="General project validation.Script adc-functions-stat-tm.ps1 should pass ScriptAnalyzer" time="0.1576" asserts="0" success="True" result="Success" executed="True" />
                  <test-case description="Script adc-functions-stat-transform.ps1 should pass ScriptAnalyzer" name="General project validation.Script adc-functions-stat-transform.ps1 should pass ScriptAnalyzer" time="0.1511" asserts="0" success="True" result="Success" executed="True" />
                  <test-case description="Script adc-functions-stat-tunnel.ps1 should pass ScriptAnalyzer" name="General project validation.Script adc-functions-stat-tunnel.ps1 should pass ScriptAnalyzer" time="0.1665" asserts="0" success="True" result="Success" executed="True" />
                  <test-case description="Script adc-functions-stat-user.ps1 should pass ScriptAnalyzer" name="General project validation.Script adc-functions-stat-user.ps1 should pass ScriptAnalyzer" time="0.1131" asserts="0" success="True" result="Success" executed="True" />
                  <test-case description="Script adc-functions-stat-videooptimization.ps1 should pass ScriptAnalyzer" name="General project validation.Script adc-functions-stat-videooptimization.ps1 should pass ScriptAnalyzer" time="0.1056" asserts="0" success="True" result="Success" executed="True" />
                  <test-case description="Script adc-functions-stat-vpn.ps1 should pass ScriptAnalyzer" name="General project validation.Script adc-functions-stat-vpn.ps1 should pass ScriptAnalyzer" time="0.11" asserts="0" success="True" result="Success" executed="True" />
                  <test-case description="Script Connect-ADCHANodes.ps1 should pass ScriptAnalyzer" name="General project validation.Script Connect-ADCHANodes.ps1 should pass ScriptAnalyzer" time="0.111" asserts="0" success="True" result="Success" executed="True" />
                  <test-case description="Script Connect-ADCNode.ps1 should pass ScriptAnalyzer" name="General project validation.Script Connect-ADCNode.ps1 should pass ScriptAnalyzer" time="0.1186" asserts="0" success="True" result="Success" executed="True" />
                  <test-case description="Script Disconnect-ADCNode.ps1 should pass ScriptAnalyzer" name="General project validation.Script Disconnect-ADCNode.ps1 should pass ScriptAnalyzer" time="0.1146" asserts="0" success="True" result="Success" executed="True" />
                  <test-case description="Script Expand-ADCResult.ps1 should pass ScriptAnalyzer" name="General project validation.Script Expand-ADCResult.ps1 should pass ScriptAnalyzer" time="0.1475" asserts="0" success="True" result="Success" executed="True" />
                  <test-case description="Script Get-ADCSession.ps1 should pass ScriptAnalyzer" name="General project validation.Script Get-ADCSession.ps1 should pass ScriptAnalyzer" time="0.0975" asserts="0" success="True" result="Success" executed="True" />
                  <test-case description="Script Invoke-ADCCleanCertKeyFiles.ps1 should pass ScriptAnalyzer" name="General project validation.Script Invoke-ADCCleanCertKeyFiles.ps1 should pass ScriptAnalyzer" time="0.096" asserts="0" success="True" result="Success" executed="True" />
                  <test-case description="Script Invoke-ADCGetSystemFileDirectories.ps1 should pass ScriptAnalyzer" name="General project validation.Script Invoke-ADCGetSystemFileDirectories.ps1 should pass ScriptAnalyzer" time="0.1332" asserts="0" success="True" result="Success" executed="True" />
                  <test-case description="Script Invoke-ADCNitroApi.ps1 should pass ScriptAnalyzer" name="General project validation.Script Invoke-ADCNitroApi.ps1 should pass ScriptAnalyzer" time="0.1195" asserts="0" success="True" result="Success" executed="True" />
                </results>
              </test-suite>
            </results>
          </test-suite>
          <test-suite type="TestFixture" name="Module Metadata validation" executed="True" result="Success" success="True" time="100.9981" asserts="0" description="Module Metadata validation">
            <results>
              <test-case description="Script fileinfo should be OK" name="Module Metadata validation.Script fileinfo should be OK" time="23.6675" asserts="0" success="True" result="Success" executed="True" />
              <test-case description="Import module should be OK" name="Module Metadata validation.Import module should be OK" time="7.833" asserts="0" success="True" result="Success" executed="True" />
            </results>
          </test-suite>
        </results>
      </test-suite>
    </results>
  </test-suite>
</test-results>