<?xml version="1.0" encoding="utf-8" standalone="no"?>
<test-results xmlns:xsi="http://www.w3.org/2001/XMLSchema-instance" xsi:noNamespaceSchemaLocation="nunit_schema_2.5.xsd" name="Pester" total="380" errors="0" failures="0" not-run="0" inconclusive="0" ignored="0" skipped="0" invalid="0" date="2022-04-04" time="10:59:17">
  <environment clr-version="4.0.30319.42000" user-domain="SLTN-KA" cwd="C:\Users\John.Billekens\GitHub\J81.ADCToolkit" platform="Microsoft Windows 10 Enterprise|C:\WINDOWS|\Device\Harddisk0\Partition3" machine-name="LTSIA-6XY8WF2" nunit-version="2.5.8.0" os-version="10.0.19044" user="John.Billekens" />
  <culture-info current-culture="nl-NL" current-uiculture="en-US" />
  <test-suite type="TestFixture" name="Pester" executed="True" result="Success" success="True" time="91.7847" asserts="0" description="Pester">
    <results>
      <test-suite type="TestFixture" name="C:\Users\John.Billekens\GitHub\J81.ADCToolkit\tests\J81.ADCToolkit.tests.ps1" executed="True" result="Success" success="True" time="91.7847" asserts="0" description="C:\Users\John.Billekens\GitHub\J81.ADCToolkit\tests\J81.ADCToolkit.tests.ps1">
        <results>
          <test-suite type="TestFixture" name="General project validation" executed="True" result="Success" success="True" time="69.1332" asserts="0" description="General project validation">
            <results>
              <test-suite type="ParameterizedTest" name="General project validation.Script &lt;file.Name&gt; should be valid PowerShell" executed="True" result="Success" success="True" time="22.5863" asserts="0" description="Script &lt;file.Name&gt; should be valid PowerShell">
                <results>
                  <test-case description="Script ConvertFrom-ADCVersion.ps1 should be valid PowerShell" name="General project validation.Script ConvertFrom-ADCVersion.ps1 should be valid PowerShell" time="0.0861" asserts="0" success="True" result="Success" executed="True" />
                  <test-case description="Script Invoke-ADCRetrieveCertificateRemoveInfo.ps1 should be valid PowerShell" name="General project validation.Script Invoke-ADCRetrieveCertificateRemoveInfo.ps1 should be valid PowerShell" time="0.0531" asserts="0" success="True" result="Success" executed="True" />
                  <test-case description="Script Write-ADCText.ps1 should be valid PowerShell" name="General project validation.Script Write-ADCText.ps1 should be valid PowerShell" time="0.0338" asserts="0" success="True" result="Success" executed="True" />
                  <test-case description="Script Write-ConsoleText.ps1 should be valid PowerShell" name="General project validation.Script Write-ConsoleText.ps1 should be valid PowerShell" time="0.0368" asserts="0" success="True" result="Success" executed="True" />
                  <test-case description="Script adc-functions-conf-aaa.ps1 should be valid PowerShell" name="General project validation.Script adc-functions-conf-aaa.ps1 should be valid PowerShell" time="0.3314" asserts="0" success="True" result="Success" executed="True" />
                  <test-case description="Script adc-functions-conf-adm.ps1 should be valid PowerShell" name="General project validation.Script adc-functions-conf-adm.ps1 should be valid PowerShell" time="0.0554" asserts="0" success="True" result="Success" executed="True" />
                  <test-case description="Script adc-functions-conf-analytics.ps1 should be valid PowerShell" name="General project validation.Script adc-functions-conf-analytics.ps1 should be valid PowerShell" time="0.0631" asserts="0" success="True" result="Success" executed="True" />
                  <test-case description="Script adc-functions-conf-app.ps1 should be valid PowerShell" name="General project validation.Script adc-functions-conf-app.ps1 should be valid PowerShell" time="0.0416" asserts="0" success="True" result="Success" executed="True" />
                  <test-case description="Script adc-functions-conf-appflow.ps1 should be valid PowerShell" name="General project validation.Script adc-functions-conf-appflow.ps1 should be valid PowerShell" time="0.1385" asserts="0" success="True" result="Success" executed="True" />
                  <test-case description="Script adc-functions-conf-appfw.ps1 should be valid PowerShell" name="General project validation.Script adc-functions-conf-appfw.ps1 should be valid PowerShell" time="0.6151" asserts="0" success="True" result="Success" executed="True" />
                  <test-case description="Script adc-functions-conf-appqoe.ps1 should be valid PowerShell" name="General project validation.Script adc-functions-conf-appqoe.ps1 should be valid PowerShell" time="0.1472" asserts="0" success="True" result="Success" executed="True" />
                  <test-case description="Script adc-functions-conf-audit.ps1 should be valid PowerShell" name="General project validation.Script adc-functions-conf-audit.ps1 should be valid PowerShell" time="0.1311" asserts="0" success="True" result="Success" executed="True" />
                  <test-case description="Script adc-functions-conf-authentication.ps1 should be valid PowerShell" name="General project validation.Script adc-functions-conf-authentication.ps1 should be valid PowerShell" time="1.0108" asserts="0" success="True" result="Success" executed="True" />
                  <test-case description="Script adc-functions-conf-authorization.ps1 should be valid PowerShell" name="General project validation.Script adc-functions-conf-authorization.ps1 should be valid PowerShell" time="0.0765" asserts="0" success="True" result="Success" executed="True" />
                  <test-case description="Script adc-functions-conf-autoscale.ps1 should be valid PowerShell" name="General project validation.Script adc-functions-conf-autoscale.ps1 should be valid PowerShell" time="0.0797" asserts="0" success="True" result="Success" executed="True" />
                  <test-case description="Script adc-functions-conf-azure.ps1 should be valid PowerShell" name="General project validation.Script adc-functions-conf-azure.ps1 should be valid PowerShell" time="0.0528" asserts="0" success="True" result="Success" executed="True" />
                  <test-case description="Script adc-functions-conf-basic.ps1 should be valid PowerShell" name="General project validation.Script adc-functions-conf-basic.ps1 should be valid PowerShell" time="0.3715" asserts="0" success="True" result="Success" executed="True" />
                  <test-case description="Script adc-functions-conf-bfd.ps1 should be valid PowerShell" name="General project validation.Script adc-functions-conf-bfd.ps1 should be valid PowerShell" time="0.1261" asserts="0" success="True" result="Success" executed="True" />
                  <test-case description="Script adc-functions-conf-bot.ps1 should be valid PowerShell" name="General project validation.Script adc-functions-conf-bot.ps1 should be valid PowerShell" time="0.208" asserts="0" success="True" result="Success" executed="True" />
                  <test-case description="Script adc-functions-conf-cache.ps1 should be valid PowerShell" name="General project validation.Script adc-functions-conf-cache.ps1 should be valid PowerShell" time="0.2602" asserts="0" success="True" result="Success" executed="True" />
                  <test-case description="Script adc-functions-conf-cloud.ps1 should be valid PowerShell" name="General project validation.Script adc-functions-conf-cloud.ps1 should be valid PowerShell" time="0.1083" asserts="0" success="True" result="Success" executed="True" />
                  <test-case description="Script adc-functions-conf-cluster.ps1 should be valid PowerShell" name="General project validation.Script adc-functions-conf-cluster.ps1 should be valid PowerShell" time="0.5331" asserts="0" success="True" result="Success" executed="True" />
                  <test-case description="Script adc-functions-conf-cmp.ps1 should be valid PowerShell" name="General project validation.Script adc-functions-conf-cmp.ps1 should be valid PowerShell" time="0.1026" asserts="0" success="True" result="Success" executed="True" />
                  <test-case description="Script adc-functions-conf-contentinspection.ps1 should be valid PowerShell" name="General project validation.Script adc-functions-conf-contentinspection.ps1 should be valid PowerShell" time="0.0899" asserts="0" success="True" result="Success" executed="True" />
                  <test-case description="Script adc-functions-conf-cr.ps1 should be valid PowerShell" name="General project validation.Script adc-functions-conf-cr.ps1 should be valid PowerShell" time="0.1346" asserts="0" success="True" result="Success" executed="True" />
                  <test-case description="Script adc-functions-conf-cs.ps1 should be valid PowerShell" name="General project validation.Script adc-functions-conf-cs.ps1 should be valid PowerShell" time="0.2691" asserts="0" success="True" result="Success" executed="True" />
                  <test-case description="Script adc-functions-conf-db.ps1 should be valid PowerShell" name="General project validation.Script adc-functions-conf-db.ps1 should be valid PowerShell" time="0.5517" asserts="0" success="True" result="Success" executed="True" />
                  <test-case description="Script adc-functions-conf-dns.ps1 should be valid PowerShell" name="General project validation.Script adc-functions-conf-dns.ps1 should be valid PowerShell" time="0.3381" asserts="0" success="True" result="Success" executed="True" />
                  <test-case description="Script adc-functions-conf-dos.ps1 should be valid PowerShell" name="General project validation.Script adc-functions-conf-dos.ps1 should be valid PowerShell" time="0.0413" asserts="0" success="True" result="Success" executed="True" />
                  <test-case description="Script adc-functions-conf-feo.ps1 should be valid PowerShell" name="General project validation.Script adc-functions-conf-feo.ps1 should be valid PowerShell" time="0.1467" asserts="0" success="True" result="Success" executed="True" />
                  <test-case description="Script adc-functions-conf-filter.ps1 should be valid PowerShell" name="General project validation.Script adc-functions-conf-filter.ps1 should be valid PowerShell" time="0.1522" asserts="0" success="True" result="Success" executed="True" />
                  <test-case description="Script adc-functions-conf-gslb.ps1 should be valid PowerShell" name="General project validation.Script adc-functions-conf-gslb.ps1 should be valid PowerShell" time="0.4901" asserts="0" success="True" result="Success" executed="True" />
                  <test-case description="Script adc-functions-conf-ha.ps1 should be valid PowerShell" name="General project validation.Script adc-functions-conf-ha.ps1 should be valid PowerShell" time="0.0952" asserts="0" success="True" result="Success" executed="True" />
                  <test-case description="Script adc-functions-conf-ica.ps1 should be valid PowerShell" name="General project validation.Script adc-functions-conf-ica.ps1 should be valid PowerShell" time="0.1281" asserts="0" success="True" result="Success" executed="True" />
                  <test-case description="Script adc-functions-conf-ipsec.ps1 should be valid PowerShell" name="General project validation.Script adc-functions-conf-ipsec.ps1 should be valid PowerShell" time="0.0696" asserts="0" success="True" result="Success" executed="True" />
                  <test-case description="Script adc-functions-conf-ipsecalg.ps1 should be valid PowerShell" name="General project validation.Script adc-functions-conf-ipsecalg.ps1 should be valid PowerShell" time="0.064" asserts="0" success="True" result="Success" executed="True" />
                  <test-case description="Script adc-functions-conf-lb.ps1 should be valid PowerShell" name="General project validation.Script adc-functions-conf-lb.ps1 should be valid PowerShell" time="0.8651" asserts="0" success="True" result="Success" executed="True" />
                  <test-case description="Script adc-functions-conf-lldp.ps1 should be valid PowerShell" name="General project validation.Script adc-functions-conf-lldp.ps1 should be valid PowerShell" time="0.0412" asserts="0" success="True" result="Success" executed="True" />
                  <test-case description="Script adc-functions-conf-lsn.ps1 should be valid PowerShell" name="General project validation.Script adc-functions-conf-lsn.ps1 should be valid PowerShell" time="0.2064" asserts="0" success="True" result="Success" executed="True" />
                  <test-case description="Script adc-functions-conf-network.ps1 should be valid PowerShell" name="General project validation.Script adc-functions-conf-network.ps1 should be valid PowerShell" time="0.9405" asserts="0" success="True" result="Success" executed="True" />
                  <test-case description="Script adc-functions-conf-ns.ps1 should be valid PowerShell" name="General project validation.Script adc-functions-conf-ns.ps1 should be valid PowerShell" time="1.0237" asserts="0" success="True" result="Success" executed="True" />
                  <test-case description="Script adc-functions-conf-ntp.ps1 should be valid PowerShell" name="General project validation.Script adc-functions-conf-ntp.ps1 should be valid PowerShell" time="0.1293" asserts="0" success="True" result="Success" executed="True" />
                  <test-case description="Script adc-functions-conf-pcp.ps1 should be valid PowerShell" name="General project validation.Script adc-functions-conf-pcp.ps1 should be valid PowerShell" time="0.0759" asserts="0" success="True" result="Success" executed="True" />
                  <test-case description="Script adc-functions-conf-policy.ps1 should be valid PowerShell" name="General project validation.Script adc-functions-conf-policy.ps1 should be valid PowerShell" time="0.136" asserts="0" success="True" result="Success" executed="True" />
                  <test-case description="Script adc-functions-conf-pq.ps1 should be valid PowerShell" name="General project validation.Script adc-functions-conf-pq.ps1 should be valid PowerShell" time="0.2445" asserts="0" success="True" result="Success" executed="True" />
                  <test-case description="Script adc-functions-conf-protocol.ps1 should be valid PowerShell" name="General project validation.Script adc-functions-conf-protocol.ps1 should be valid PowerShell" time="0.0361" asserts="0" success="True" result="Success" executed="True" />
                  <test-case description="Script adc-functions-conf-rdp.ps1 should be valid PowerShell" name="General project validation.Script adc-functions-conf-rdp.ps1 should be valid PowerShell" time="0.0511" asserts="0" success="True" result="Success" executed="True" />
                  <test-case description="Script adc-functions-conf-reputation.ps1 should be valid PowerShell" name="General project validation.Script adc-functions-conf-reputation.ps1 should be valid PowerShell" time="0.0388" asserts="0" success="True" result="Success" executed="True" />
                  <test-case description="Script adc-functions-conf-responder.ps1 should be valid PowerShell" name="General project validation.Script adc-functions-conf-responder.ps1 should be valid PowerShell" time="0.1009" asserts="0" success="True" result="Success" executed="True" />
                  <test-case description="Script adc-functions-conf-rewrite.ps1 should be valid PowerShell" name="General project validation.Script adc-functions-conf-rewrite.ps1 should be valid PowerShell" time="0.2698" asserts="0" success="True" result="Success" executed="True" />
                  <test-case description="Script adc-functions-conf-router.ps1 should be valid PowerShell" name="General project validation.Script adc-functions-conf-router.ps1 should be valid PowerShell" time="0.0455" asserts="0" success="True" result="Success" executed="True" />
                  <test-case description="Script adc-functions-conf-sc.ps1 should be valid PowerShell" name="General project validation.Script adc-functions-conf-sc.ps1 should be valid PowerShell" time="0.0829" asserts="0" success="True" result="Success" executed="True" />
                  <test-case description="Script adc-functions-conf-smpp.ps1 should be valid PowerShell" name="General project validation.Script adc-functions-conf-smpp.ps1 should be valid PowerShell" time="0.1808" asserts="0" success="True" result="Success" executed="True" />
                  <test-case description="Script adc-functions-conf-snmp.ps1 should be valid PowerShell" name="General project validation.Script adc-functions-conf-snmp.ps1 should be valid PowerShell" time="0.3126" asserts="0" success="True" result="Success" executed="True" />
                  <test-case description="Script adc-functions-conf-spillover.ps1 should be valid PowerShell" name="General project validation.Script adc-functions-conf-spillover.ps1 should be valid PowerShell" time="0.0493" asserts="0" success="True" result="Success" executed="True" />
                  <test-case description="Script adc-functions-conf-ssl.ps1 should be valid PowerShell" name="General project validation.Script adc-functions-conf-ssl.ps1 should be valid PowerShell" time="0.496" asserts="0" success="True" result="Success" executed="True" />
                  <test-case description="Script adc-functions-conf-stream.ps1 should be valid PowerShell" name="General project validation.Script adc-functions-conf-stream.ps1 should be valid PowerShell" time="0.6355" asserts="0" success="True" result="Success" executed="True" />
                  <test-case description="Script adc-functions-conf-subscriber.ps1 should be valid PowerShell" name="General project validation.Script adc-functions-conf-subscriber.ps1 should be valid PowerShell" time="0.0485" asserts="0" success="True" result="Success" executed="True" />
                  <test-case description="Script adc-functions-conf-system.ps1 should be valid PowerShell" name="General project validation.Script adc-functions-conf-system.ps1 should be valid PowerShell" time="0.1967" asserts="0" success="True" result="Success" executed="True" />
                  <test-case description="Script adc-functions-conf-tm.ps1 should be valid PowerShell" name="General project validation.Script adc-functions-conf-tm.ps1 should be valid PowerShell" time="0.1593" asserts="0" success="True" result="Success" executed="True" />
                  <test-case description="Script adc-functions-conf-transform.ps1 should be valid PowerShell" name="General project validation.Script adc-functions-conf-transform.ps1 should be valid PowerShell" time="0.0989" asserts="0" success="True" result="Success" executed="True" />
                  <test-case description="Script adc-functions-conf-tunnel.ps1 should be valid PowerShell" name="General project validation.Script adc-functions-conf-tunnel.ps1 should be valid PowerShell" time="0.0483" asserts="0" success="True" result="Success" executed="True" />
                  <test-case description="Script adc-functions-conf-ulfd.ps1 should be valid PowerShell" name="General project validation.Script adc-functions-conf-ulfd.ps1 should be valid PowerShell" time="0.0373" asserts="0" success="True" result="Success" executed="True" />
                  <test-case description="Script adc-functions-conf-urlfiltering.ps1 should be valid PowerShell" name="General project validation.Script adc-functions-conf-urlfiltering.ps1 should be valid PowerShell" time="0.0434" asserts="0" success="True" result="Success" executed="True" />
                  <test-case description="Script adc-functions-conf-user.ps1 should be valid PowerShell" name="General project validation.Script adc-functions-conf-user.ps1 should be valid PowerShell" time="0.0551" asserts="0" success="True" result="Success" executed="True" />
                  <test-case description="Script adc-functions-conf-utility.ps1 should be valid PowerShell" name="General project validation.Script adc-functions-conf-utility.ps1 should be valid PowerShell" time="0.042" asserts="0" success="True" result="Success" executed="True" />
                  <test-case description="Script adc-functions-conf-videooptimization.ps1 should be valid PowerShell" name="General project validation.Script adc-functions-conf-videooptimization.ps1 should be valid PowerShell" time="0.2098" asserts="0" success="True" result="Success" executed="True" />
                  <test-case description="Script adc-functions-conf-vpn.ps1 should be valid PowerShell" name="General project validation.Script adc-functions-conf-vpn.ps1 should be valid PowerShell" time="0.9488" asserts="0" success="True" result="Success" executed="True" />
                  <test-case description="Script adc-functions-conf-wf.ps1 should be valid PowerShell" name="General project validation.Script adc-functions-conf-wf.ps1 should be valid PowerShell" time="0.0431" asserts="0" success="True" result="Success" executed="True" />
                  <test-case description="Script adc-functions-conf-wi.ps1 should be valid PowerShell" name="General project validation.Script adc-functions-conf-wi.ps1 should be valid PowerShell" time="0.0643" asserts="0" success="True" result="Success" executed="True" />
                  <test-case description="Script adc-functions-conf-xm.ps1 should be valid PowerShell" name="General project validation.Script adc-functions-conf-xm.ps1 should be valid PowerShell" time="0.0474" asserts="0" success="True" result="Success" executed="True" />
                  <test-case description="Script adc-functions-stat-aaa.ps1 should be valid PowerShell" name="General project validation.Script adc-functions-stat-aaa.ps1 should be valid PowerShell" time="0.0445" asserts="0" success="True" result="Success" executed="True" />
                  <test-case description="Script adc-functions-stat-appflow.ps1 should be valid PowerShell" name="General project validation.Script adc-functions-stat-appflow.ps1 should be valid PowerShell" time="0.0449" asserts="0" success="True" result="Success" executed="True" />
                  <test-case description="Script adc-functions-stat-appfw.ps1 should be valid PowerShell" name="General project validation.Script adc-functions-stat-appfw.ps1 should be valid PowerShell" time="0.0498" asserts="0" success="True" result="Success" executed="True" />
                  <test-case description="Script adc-functions-stat-appqoe.ps1 should be valid PowerShell" name="General project validation.Script adc-functions-stat-appqoe.ps1 should be valid PowerShell" time="0.0355" asserts="0" success="True" result="Success" executed="True" />
                  <test-case description="Script adc-functions-stat-audit.ps1 should be valid PowerShell" name="General project validation.Script adc-functions-stat-audit.ps1 should be valid PowerShell" time="0.0374" asserts="0" success="True" result="Success" executed="True" />
                  <test-case description="Script adc-functions-stat-authentication.ps1 should be valid PowerShell" name="General project validation.Script adc-functions-stat-authentication.ps1 should be valid PowerShell" time="0.0597" asserts="0" success="True" result="Success" executed="True" />
                  <test-case description="Script adc-functions-stat-authorization.ps1 should be valid PowerShell" name="General project validation.Script adc-functions-stat-authorization.ps1 should be valid PowerShell" time="0.0522" asserts="0" success="True" result="Success" executed="True" />
                  <test-case description="Script adc-functions-stat-autoscale.ps1 should be valid PowerShell" name="General project validation.Script adc-functions-stat-autoscale.ps1 should be valid PowerShell" time="0.0587" asserts="0" success="True" result="Success" executed="True" />
                  <test-case description="Script adc-functions-stat-basic.ps1 should be valid PowerShell" name="General project validation.Script adc-functions-stat-basic.ps1 should be valid PowerShell" time="0.0639" asserts="0" success="True" result="Success" executed="True" />
                  <test-case description="Script adc-functions-stat-bot.ps1 should be valid PowerShell" name="General project validation.Script adc-functions-stat-bot.ps1 should be valid PowerShell" time="0.1104" asserts="0" success="True" result="Success" executed="True" />
                  <test-case description="Script adc-functions-stat-cache.ps1 should be valid PowerShell" name="General project validation.Script adc-functions-stat-cache.ps1 should be valid PowerShell" time="0.1589" asserts="0" success="True" result="Success" executed="True" />
                  <test-case description="Script adc-functions-stat-cluster.ps1 should be valid PowerShell" name="General project validation.Script adc-functions-stat-cluster.ps1 should be valid PowerShell" time="0.3808" asserts="0" success="True" result="Success" executed="True" />
                  <test-case description="Script adc-functions-stat-cmp.ps1 should be valid PowerShell" name="General project validation.Script adc-functions-stat-cmp.ps1 should be valid PowerShell" time="0.0578" asserts="0" success="True" result="Success" executed="True" />
                  <test-case description="Script adc-functions-stat-contentinspection.ps1 should be valid PowerShell" name="General project validation.Script adc-functions-stat-contentinspection.ps1 should be valid PowerShell" time="0.0486" asserts="0" success="True" result="Success" executed="True" />
                  <test-case description="Script adc-functions-stat-cr.ps1 should be valid PowerShell" name="General project validation.Script adc-functions-stat-cr.ps1 should be valid PowerShell" time="0.0754" asserts="0" success="True" result="Success" executed="True" />
                  <test-case description="Script adc-functions-stat-cs.ps1 should be valid PowerShell" name="General project validation.Script adc-functions-stat-cs.ps1 should be valid PowerShell" time="0.0574" asserts="0" success="True" result="Success" executed="True" />
                  <test-case description="Script adc-functions-stat-dns.ps1 should be valid PowerShell" name="General project validation.Script adc-functions-stat-dns.ps1 should be valid PowerShell" time="0.0473" asserts="0" success="True" result="Success" executed="True" />
                  <test-case description="Script adc-functions-stat-dos.ps1 should be valid PowerShell" name="General project validation.Script adc-functions-stat-dos.ps1 should be valid PowerShell" time="0.0871" asserts="0" success="True" result="Success" executed="True" />
                  <test-case description="Script adc-functions-stat-feo.ps1 should be valid PowerShell" name="General project validation.Script adc-functions-stat-feo.ps1 should be valid PowerShell" time="0.0714" asserts="0" success="True" result="Success" executed="True" />
                  <test-case description="Script adc-functions-stat-gslb.ps1 should be valid PowerShell" name="General project validation.Script adc-functions-stat-gslb.ps1 should be valid PowerShell" time="0.0755" asserts="0" success="True" result="Success" executed="True" />
                  <test-case description="Script adc-functions-stat-ha.ps1 should be valid PowerShell" name="General project validation.Script adc-functions-stat-ha.ps1 should be valid PowerShell" time="0.0628" asserts="0" success="True" result="Success" executed="True" />
                  <test-case description="Script adc-functions-stat-ica.ps1 should be valid PowerShell" name="General project validation.Script adc-functions-stat-ica.ps1 should be valid PowerShell" time="0.059" asserts="0" success="True" result="Success" executed="True" />
                  <test-case description="Script adc-functions-stat-ipsec.ps1 should be valid PowerShell" name="General project validation.Script adc-functions-stat-ipsec.ps1 should be valid PowerShell" time="0.0689" asserts="0" success="True" result="Success" executed="True" />
                  <test-case description="Script adc-functions-stat-ipsecalg.ps1 should be valid PowerShell" name="General project validation.Script adc-functions-stat-ipsecalg.ps1 should be valid PowerShell" time="0.0473" asserts="0" success="True" result="Success" executed="True" />
                  <test-case description="Script adc-functions-stat-lb.ps1 should be valid PowerShell" name="General project validation.Script adc-functions-stat-lb.ps1 should be valid PowerShell" time="0.0727" asserts="0" success="True" result="Success" executed="True" />
                  <test-case description="Script adc-functions-stat-lldp.ps1 should be valid PowerShell" name="General project validation.Script adc-functions-stat-lldp.ps1 should be valid PowerShell" time="0.0721" asserts="0" success="True" result="Success" executed="True" />
                  <test-case description="Script adc-functions-stat-lsn.ps1 should be valid PowerShell" name="General project validation.Script adc-functions-stat-lsn.ps1 should be valid PowerShell" time="0.093" asserts="0" success="True" result="Success" executed="True" />
                  <test-case description="Script adc-functions-stat-network.ps1 should be valid PowerShell" name="General project validation.Script adc-functions-stat-network.ps1 should be valid PowerShell" time="0.2022" asserts="0" success="True" result="Success" executed="True" />
                  <test-case description="Script adc-functions-stat-ns.ps1 should be valid PowerShell" name="General project validation.Script adc-functions-stat-ns.ps1 should be valid PowerShell" time="0.097" asserts="0" success="True" result="Success" executed="True" />
                  <test-case description="Script adc-functions-stat-pcp.ps1 should be valid PowerShell" name="General project validation.Script adc-functions-stat-pcp.ps1 should be valid PowerShell" time="0.0777" asserts="0" success="True" result="Success" executed="True" />
                  <test-case description="Script adc-functions-stat-pq.ps1 should be valid PowerShell" name="General project validation.Script adc-functions-stat-pq.ps1 should be valid PowerShell" time="0.0619" asserts="0" success="True" result="Success" executed="True" />
                  <test-case description="Script adc-functions-stat-protocol.ps1 should be valid PowerShell" name="General project validation.Script adc-functions-stat-protocol.ps1 should be valid PowerShell" time="0.0722" asserts="0" success="True" result="Success" executed="True" />
                  <test-case description="Script adc-functions-stat-qos.ps1 should be valid PowerShell" name="General project validation.Script adc-functions-stat-qos.ps1 should be valid PowerShell" time="0.0479" asserts="0" success="True" result="Success" executed="True" />
                  <test-case description="Script adc-functions-stat-responder.ps1 should be valid PowerShell" name="General project validation.Script adc-functions-stat-responder.ps1 should be valid PowerShell" time="0.0448" asserts="0" success="True" result="Success" executed="True" />
                  <test-case description="Script adc-functions-stat-rewrite.ps1 should be valid PowerShell" name="General project validation.Script adc-functions-stat-rewrite.ps1 should be valid PowerShell" time="0.1423" asserts="0" success="True" result="Success" executed="True" />
                  <test-case description="Script adc-functions-stat-sc.ps1 should be valid PowerShell" name="General project validation.Script adc-functions-stat-sc.ps1 should be valid PowerShell" time="0.1302" asserts="0" success="True" result="Success" executed="True" />
                  <test-case description="Script adc-functions-stat-snmp.ps1 should be valid PowerShell" name="General project validation.Script adc-functions-stat-snmp.ps1 should be valid PowerShell" time="0.0458" asserts="0" success="True" result="Success" executed="True" />
                  <test-case description="Script adc-functions-stat-spillover.ps1 should be valid PowerShell" name="General project validation.Script adc-functions-stat-spillover.ps1 should be valid PowerShell" time="0.0522" asserts="0" success="True" result="Success" executed="True" />
                  <test-case description="Script adc-functions-stat-ssl.ps1 should be valid PowerShell" name="General project validation.Script adc-functions-stat-ssl.ps1 should be valid PowerShell" time="0.0446" asserts="0" success="True" result="Success" executed="True" />
                  <test-case description="Script adc-functions-stat-stream.ps1 should be valid PowerShell" name="General project validation.Script adc-functions-stat-stream.ps1 should be valid PowerShell" time="0.0528" asserts="0" success="True" result="Success" executed="True" />
                  <test-case description="Script adc-functions-stat-system.ps1 should be valid PowerShell" name="General project validation.Script adc-functions-stat-system.ps1 should be valid PowerShell" time="3.3754" asserts="0" success="True" result="Success" executed="True" />
                  <test-case description="Script adc-functions-stat-tm.ps1 should be valid PowerShell" name="General project validation.Script adc-functions-stat-tm.ps1 should be valid PowerShell" time="0.0395" asserts="0" success="True" result="Success" executed="True" />
                  <test-case description="Script adc-functions-stat-transform.ps1 should be valid PowerShell" name="General project validation.Script adc-functions-stat-transform.ps1 should be valid PowerShell" time="0.0474" asserts="0" success="True" result="Success" executed="True" />
                  <test-case description="Script adc-functions-stat-tunnel.ps1 should be valid PowerShell" name="General project validation.Script adc-functions-stat-tunnel.ps1 should be valid PowerShell" time="0.0445" asserts="0" success="True" result="Success" executed="True" />
                  <test-case description="Script adc-functions-stat-user.ps1 should be valid PowerShell" name="General project validation.Script adc-functions-stat-user.ps1 should be valid PowerShell" time="0.0453" asserts="0" success="True" result="Success" executed="True" />
                  <test-case description="Script adc-functions-stat-videooptimization.ps1 should be valid PowerShell" name="General project validation.Script adc-functions-stat-videooptimization.ps1 should be valid PowerShell" time="0.1082" asserts="0" success="True" result="Success" executed="True" />
                  <test-case description="Script adc-functions-stat-vpn.ps1 should be valid PowerShell" name="General project validation.Script adc-functions-stat-vpn.ps1 should be valid PowerShell" time="0.0424" asserts="0" success="True" result="Success" executed="True" />
                  <test-case description="Script Connect-ADCHANodes.ps1 should be valid PowerShell" name="General project validation.Script Connect-ADCHANodes.ps1 should be valid PowerShell" time="0.0436" asserts="0" success="True" result="Success" executed="True" />
                  <test-case description="Script Connect-ADCNode.ps1 should be valid PowerShell" name="General project validation.Script Connect-ADCNode.ps1 should be valid PowerShell" time="0.0802" asserts="0" success="True" result="Success" executed="True" />
                  <test-case description="Script Disconnect-ADCNode.ps1 should be valid PowerShell" name="General project validation.Script Disconnect-ADCNode.ps1 should be valid PowerShell" time="0.0652" asserts="0" success="True" result="Success" executed="True" />
                  <test-case description="Script Expand-ADCResult.ps1 should be valid PowerShell" name="General project validation.Script Expand-ADCResult.ps1 should be valid PowerShell" time="0.0496" asserts="0" success="True" result="Success" executed="True" />
                  <test-case description="Script Get-ADCSession.ps1 should be valid PowerShell" name="General project validation.Script Get-ADCSession.ps1 should be valid PowerShell" time="0.071" asserts="0" success="True" result="Success" executed="True" />
                  <test-case description="Script Invoke-ADCCleanCertKeyFiles.ps1 should be valid PowerShell" name="General project validation.Script Invoke-ADCCleanCertKeyFiles.ps1 should be valid PowerShell" time="0.0698" asserts="0" success="True" result="Success" executed="True" />
                  <test-case description="Script Invoke-ADCGetSystemFileDirectories.ps1 should be valid PowerShell" name="General project validation.Script Invoke-ADCGetSystemFileDirectories.ps1 should be valid PowerShell" time="0.0514" asserts="0" success="True" result="Success" executed="True" />
                  <test-case description="Script Invoke-ADCNitroApi.ps1 should be valid PowerShell" name="General project validation.Script Invoke-ADCNitroApi.ps1 should be valid PowerShell" time="0.0499" asserts="0" success="True" result="Success" executed="True" />
                </results>
              </test-suite>
              <test-suite type="ParameterizedTest" name="General project validation.Script &lt;file.Name&gt; should be signed" executed="True" result="Success" success="True" time="12.0925" asserts="0" description="Script &lt;file.Name&gt; should be signed">
                <results>
                  <test-case description="Script ConvertFrom-ADCVersion.ps1 should be signed" name="General project validation.Script ConvertFrom-ADCVersion.ps1 should be signed" time="0.0584" asserts="0" success="True" result="Success" executed="True" />
                  <test-case description="Script Invoke-ADCRetrieveCertificateRemoveInfo.ps1 should be signed" name="General project validation.Script Invoke-ADCRetrieveCertificateRemoveInfo.ps1 should be signed" time="0.0608" asserts="0" success="True" result="Success" executed="True" />
                  <test-case description="Script Write-ADCText.ps1 should be signed" name="General project validation.Script Write-ADCText.ps1 should be signed" time="0.079" asserts="0" success="True" result="Success" executed="True" />
                  <test-case description="Script Write-ConsoleText.ps1 should be signed" name="General project validation.Script Write-ConsoleText.ps1 should be signed" time="0.06" asserts="0" success="True" result="Success" executed="True" />
                  <test-case description="Script adc-functions-conf-aaa.ps1 should be signed" name="General project validation.Script adc-functions-conf-aaa.ps1 should be signed" time="0.1416" asserts="0" success="True" result="Success" executed="True" />
                  <test-case description="Script adc-functions-conf-adm.ps1 should be signed" name="General project validation.Script adc-functions-conf-adm.ps1 should be signed" time="0.0986" asserts="0" success="True" result="Success" executed="True" />
                  <test-case description="Script adc-functions-conf-analytics.ps1 should be signed" name="General project validation.Script adc-functions-conf-analytics.ps1 should be signed" time="0.1087" asserts="0" success="True" result="Success" executed="True" />
                  <test-case description="Script adc-functions-conf-app.ps1 should be signed" name="General project validation.Script adc-functions-conf-app.ps1 should be signed" time="0.0908" asserts="0" success="True" result="Success" executed="True" />
                  <test-case description="Script adc-functions-conf-appflow.ps1 should be signed" name="General project validation.Script adc-functions-conf-appflow.ps1 should be signed" time="0.107" asserts="0" success="True" result="Success" executed="True" />
                  <test-case description="Script adc-functions-conf-appfw.ps1 should be signed" name="General project validation.Script adc-functions-conf-appfw.ps1 should be signed" time="0.1886" asserts="0" success="True" result="Success" executed="True" />
                  <test-case description="Script adc-functions-conf-appqoe.ps1 should be signed" name="General project validation.Script adc-functions-conf-appqoe.ps1 should be signed" time="0.1074" asserts="0" success="True" result="Success" executed="True" />
                  <test-case description="Script adc-functions-conf-audit.ps1 should be signed" name="General project validation.Script adc-functions-conf-audit.ps1 should be signed" time="0.1365" asserts="0" success="True" result="Success" executed="True" />
                  <test-case description="Script adc-functions-conf-authentication.ps1 should be signed" name="General project validation.Script adc-functions-conf-authentication.ps1 should be signed" time="0.2835" asserts="0" success="True" result="Success" executed="True" />
                  <test-case description="Script adc-functions-conf-authorization.ps1 should be signed" name="General project validation.Script adc-functions-conf-authorization.ps1 should be signed" time="0.0809" asserts="0" success="True" result="Success" executed="True" />
                  <test-case description="Script adc-functions-conf-autoscale.ps1 should be signed" name="General project validation.Script adc-functions-conf-autoscale.ps1 should be signed" time="0.0832" asserts="0" success="True" result="Success" executed="True" />
                  <test-case description="Script adc-functions-conf-azure.ps1 should be signed" name="General project validation.Script adc-functions-conf-azure.ps1 should be signed" time="0.0772" asserts="0" success="True" result="Success" executed="True" />
                  <test-case description="Script adc-functions-conf-basic.ps1 should be signed" name="General project validation.Script adc-functions-conf-basic.ps1 should be signed" time="0.1043" asserts="0" success="True" result="Success" executed="True" />
                  <test-case description="Script adc-functions-conf-bfd.ps1 should be signed" name="General project validation.Script adc-functions-conf-bfd.ps1 should be signed" time="0.0992" asserts="0" success="True" result="Success" executed="True" />
                  <test-case description="Script adc-functions-conf-bot.ps1 should be signed" name="General project validation.Script adc-functions-conf-bot.ps1 should be signed" time="0.0938" asserts="0" success="True" result="Success" executed="True" />
                  <test-case description="Script adc-functions-conf-cache.ps1 should be signed" name="General project validation.Script adc-functions-conf-cache.ps1 should be signed" time="0.11" asserts="0" success="True" result="Success" executed="True" />
                  <test-case description="Script adc-functions-conf-cloud.ps1 should be signed" name="General project validation.Script adc-functions-conf-cloud.ps1 should be signed" time="0.0682" asserts="0" success="True" result="Success" executed="True" />
                  <test-case description="Script adc-functions-conf-cluster.ps1 should be signed" name="General project validation.Script adc-functions-conf-cluster.ps1 should be signed" time="0.0936" asserts="0" success="True" result="Success" executed="True" />
                  <test-case description="Script adc-functions-conf-cmp.ps1 should be signed" name="General project validation.Script adc-functions-conf-cmp.ps1 should be signed" time="0.1" asserts="0" success="True" result="Success" executed="True" />
                  <test-case description="Script adc-functions-conf-contentinspection.ps1 should be signed" name="General project validation.Script adc-functions-conf-contentinspection.ps1 should be signed" time="0.0892" asserts="0" success="True" result="Success" executed="True" />
                  <test-case description="Script adc-functions-conf-cr.ps1 should be signed" name="General project validation.Script adc-functions-conf-cr.ps1 should be signed" time="0.0982" asserts="0" success="True" result="Success" executed="True" />
                  <test-case description="Script adc-functions-conf-cs.ps1 should be signed" name="General project validation.Script adc-functions-conf-cs.ps1 should be signed" time="0.1458" asserts="0" success="True" result="Success" executed="True" />
                  <test-case description="Script adc-functions-conf-db.ps1 should be signed" name="General project validation.Script adc-functions-conf-db.ps1 should be signed" time="0.0756" asserts="0" success="True" result="Success" executed="True" />
                  <test-case description="Script adc-functions-conf-dns.ps1 should be signed" name="General project validation.Script adc-functions-conf-dns.ps1 should be signed" time="0.1423" asserts="0" success="True" result="Success" executed="True" />
                  <test-case description="Script adc-functions-conf-dos.ps1 should be signed" name="General project validation.Script adc-functions-conf-dos.ps1 should be signed" time="0.0752" asserts="0" success="True" result="Success" executed="True" />
                  <test-case description="Script adc-functions-conf-feo.ps1 should be signed" name="General project validation.Script adc-functions-conf-feo.ps1 should be signed" time="0.0906" asserts="0" success="True" result="Success" executed="True" />
                  <test-case description="Script adc-functions-conf-filter.ps1 should be signed" name="General project validation.Script adc-functions-conf-filter.ps1 should be signed" time="0.0885" asserts="0" success="True" result="Success" executed="True" />
                  <test-case description="Script adc-functions-conf-gslb.ps1 should be signed" name="General project validation.Script adc-functions-conf-gslb.ps1 should be signed" time="0.1852" asserts="0" success="True" result="Success" executed="True" />
                  <test-case description="Script adc-functions-conf-ha.ps1 should be signed" name="General project validation.Script adc-functions-conf-ha.ps1 should be signed" time="0.122" asserts="0" success="True" result="Success" executed="True" />
                  <test-case description="Script adc-functions-conf-ica.ps1 should be signed" name="General project validation.Script adc-functions-conf-ica.ps1 should be signed" time="0.0864" asserts="0" success="True" result="Success" executed="True" />
                  <test-case description="Script adc-functions-conf-ipsec.ps1 should be signed" name="General project validation.Script adc-functions-conf-ipsec.ps1 should be signed" time="0.064" asserts="0" success="True" result="Success" executed="True" />
                  <test-case description="Script adc-functions-conf-ipsecalg.ps1 should be signed" name="General project validation.Script adc-functions-conf-ipsecalg.ps1 should be signed" time="0.0921" asserts="0" success="True" result="Success" executed="True" />
                  <test-case description="Script adc-functions-conf-lb.ps1 should be signed" name="General project validation.Script adc-functions-conf-lb.ps1 should be signed" time="0.1949" asserts="0" success="True" result="Success" executed="True" />
                  <test-case description="Script adc-functions-conf-lldp.ps1 should be signed" name="General project validation.Script adc-functions-conf-lldp.ps1 should be signed" time="0.0821" asserts="0" success="True" result="Success" executed="True" />
                  <test-case description="Script adc-functions-conf-lsn.ps1 should be signed" name="General project validation.Script adc-functions-conf-lsn.ps1 should be signed" time="0.1418" asserts="0" success="True" result="Success" executed="True" />
                  <test-case description="Script adc-functions-conf-network.ps1 should be signed" name="General project validation.Script adc-functions-conf-network.ps1 should be signed" time="0.2446" asserts="0" success="True" result="Success" executed="True" />
                  <test-case description="Script adc-functions-conf-ns.ps1 should be signed" name="General project validation.Script adc-functions-conf-ns.ps1 should be signed" time="0.4054" asserts="0" success="True" result="Success" executed="True" />
                  <test-case description="Script adc-functions-conf-ntp.ps1 should be signed" name="General project validation.Script adc-functions-conf-ntp.ps1 should be signed" time="0.1033" asserts="0" success="True" result="Success" executed="True" />
                  <test-case description="Script adc-functions-conf-pcp.ps1 should be signed" name="General project validation.Script adc-functions-conf-pcp.ps1 should be signed" time="0.0933" asserts="0" success="True" result="Success" executed="True" />
                  <test-case description="Script adc-functions-conf-policy.ps1 should be signed" name="General project validation.Script adc-functions-conf-policy.ps1 should be signed" time="0.1005" asserts="0" success="True" result="Success" executed="True" />
                  <test-case description="Script adc-functions-conf-pq.ps1 should be signed" name="General project validation.Script adc-functions-conf-pq.ps1 should be signed" time="0.0907" asserts="0" success="True" result="Success" executed="True" />
                  <test-case description="Script adc-functions-conf-protocol.ps1 should be signed" name="General project validation.Script adc-functions-conf-protocol.ps1 should be signed" time="0.0831" asserts="0" success="True" result="Success" executed="True" />
                  <test-case description="Script adc-functions-conf-rdp.ps1 should be signed" name="General project validation.Script adc-functions-conf-rdp.ps1 should be signed" time="0.0957" asserts="0" success="True" result="Success" executed="True" />
                  <test-case description="Script adc-functions-conf-reputation.ps1 should be signed" name="General project validation.Script adc-functions-conf-reputation.ps1 should be signed" time="0.0754" asserts="0" success="True" result="Success" executed="True" />
                  <test-case description="Script adc-functions-conf-responder.ps1 should be signed" name="General project validation.Script adc-functions-conf-responder.ps1 should be signed" time="0.0714" asserts="0" success="True" result="Success" executed="True" />
                  <test-case description="Script adc-functions-conf-rewrite.ps1 should be signed" name="General project validation.Script adc-functions-conf-rewrite.ps1 should be signed" time="0.109" asserts="0" success="True" result="Success" executed="True" />
                  <test-case description="Script adc-functions-conf-router.ps1 should be signed" name="General project validation.Script adc-functions-conf-router.ps1 should be signed" time="0.077" asserts="0" success="True" result="Success" executed="True" />
                  <test-case description="Script adc-functions-conf-sc.ps1 should be signed" name="General project validation.Script adc-functions-conf-sc.ps1 should be signed" time="0.1073" asserts="0" success="True" result="Success" executed="True" />
                  <test-case description="Script adc-functions-conf-smpp.ps1 should be signed" name="General project validation.Script adc-functions-conf-smpp.ps1 should be signed" time="0.077" asserts="0" success="True" result="Success" executed="True" />
                  <test-case description="Script adc-functions-conf-snmp.ps1 should be signed" name="General project validation.Script adc-functions-conf-snmp.ps1 should be signed" time="0.1048" asserts="0" success="True" result="Success" executed="True" />
                  <test-case description="Script adc-functions-conf-spillover.ps1 should be signed" name="General project validation.Script adc-functions-conf-spillover.ps1 should be signed" time="0.0595" asserts="0" success="True" result="Success" executed="True" />
                  <test-case description="Script adc-functions-conf-ssl.ps1 should be signed" name="General project validation.Script adc-functions-conf-ssl.ps1 should be signed" time="0.1995" asserts="0" success="True" result="Success" executed="True" />
                  <test-case description="Script adc-functions-conf-stream.ps1 should be signed" name="General project validation.Script adc-functions-conf-stream.ps1 should be signed" time="0.0824" asserts="0" success="True" result="Success" executed="True" />
                  <test-case description="Script adc-functions-conf-subscriber.ps1 should be signed" name="General project validation.Script adc-functions-conf-subscriber.ps1 should be signed" time="0.0702" asserts="0" success="True" result="Success" executed="True" />
                  <test-case description="Script adc-functions-conf-system.ps1 should be signed" name="General project validation.Script adc-functions-conf-system.ps1 should be signed" time="0.1074" asserts="0" success="True" result="Success" executed="True" />
                  <test-case description="Script adc-functions-conf-tm.ps1 should be signed" name="General project validation.Script adc-functions-conf-tm.ps1 should be signed" time="0.1044" asserts="0" success="True" result="Success" executed="True" />
                  <test-case description="Script adc-functions-conf-transform.ps1 should be signed" name="General project validation.Script adc-functions-conf-transform.ps1 should be signed" time="0.0819" asserts="0" success="True" result="Success" executed="True" />
                  <test-case description="Script adc-functions-conf-tunnel.ps1 should be signed" name="General project validation.Script adc-functions-conf-tunnel.ps1 should be signed" time="0.0643" asserts="0" success="True" result="Success" executed="True" />
                  <test-case description="Script adc-functions-conf-ulfd.ps1 should be signed" name="General project validation.Script adc-functions-conf-ulfd.ps1 should be signed" time="0.0827" asserts="0" success="True" result="Success" executed="True" />
                  <test-case description="Script adc-functions-conf-urlfiltering.ps1 should be signed" name="General project validation.Script adc-functions-conf-urlfiltering.ps1 should be signed" time="0.0815" asserts="0" success="True" result="Success" executed="True" />
                  <test-case description="Script adc-functions-conf-user.ps1 should be signed" name="General project validation.Script adc-functions-conf-user.ps1 should be signed" time="0.0824" asserts="0" success="True" result="Success" executed="True" />
                  <test-case description="Script adc-functions-conf-utility.ps1 should be signed" name="General project validation.Script adc-functions-conf-utility.ps1 should be signed" time="0.0685" asserts="0" success="True" result="Success" executed="True" />
                  <test-case description="Script adc-functions-conf-videooptimization.ps1 should be signed" name="General project validation.Script adc-functions-conf-videooptimization.ps1 should be signed" time="0.1027" asserts="0" success="True" result="Success" executed="True" />
                  <test-case description="Script adc-functions-conf-vpn.ps1 should be signed" name="General project validation.Script adc-functions-conf-vpn.ps1 should be signed" time="0.2035" asserts="0" success="True" result="Success" executed="True" />
                  <test-case description="Script adc-functions-conf-wf.ps1 should be signed" name="General project validation.Script adc-functions-conf-wf.ps1 should be signed" time="0.0623" asserts="0" success="True" result="Success" executed="True" />
                  <test-case description="Script adc-functions-conf-wi.ps1 should be signed" name="General project validation.Script adc-functions-conf-wi.ps1 should be signed" time="0.0779" asserts="0" success="True" result="Success" executed="True" />
                  <test-case description="Script adc-functions-conf-xm.ps1 should be signed" name="General project validation.Script adc-functions-conf-xm.ps1 should be signed" time="0.0666" asserts="0" success="True" result="Success" executed="True" />
                  <test-case description="Script adc-functions-stat-aaa.ps1 should be signed" name="General project validation.Script adc-functions-stat-aaa.ps1 should be signed" time="0.0745" asserts="0" success="True" result="Success" executed="True" />
                  <test-case description="Script adc-functions-stat-appflow.ps1 should be signed" name="General project validation.Script adc-functions-stat-appflow.ps1 should be signed" time="0.0697" asserts="0" success="True" result="Success" executed="True" />
                  <test-case description="Script adc-functions-stat-appfw.ps1 should be signed" name="General project validation.Script adc-functions-stat-appfw.ps1 should be signed" time="0.088" asserts="0" success="True" result="Success" executed="True" />
                  <test-case description="Script adc-functions-stat-appqoe.ps1 should be signed" name="General project validation.Script adc-functions-stat-appqoe.ps1 should be signed" time="0.0615" asserts="0" success="True" result="Success" executed="True" />
                  <test-case description="Script adc-functions-stat-audit.ps1 should be signed" name="General project validation.Script adc-functions-stat-audit.ps1 should be signed" time="0.0693" asserts="0" success="True" result="Success" executed="True" />
                  <test-case description="Script adc-functions-stat-authentication.ps1 should be signed" name="General project validation.Script adc-functions-stat-authentication.ps1 should be signed" time="0.0716" asserts="0" success="True" result="Success" executed="True" />
                  <test-case description="Script adc-functions-stat-authorization.ps1 should be signed" name="General project validation.Script adc-functions-stat-authorization.ps1 should be signed" time="0.09" asserts="0" success="True" result="Success" executed="True" />
                  <test-case description="Script adc-functions-stat-autoscale.ps1 should be signed" name="General project validation.Script adc-functions-stat-autoscale.ps1 should be signed" time="0.0815" asserts="0" success="True" result="Success" executed="True" />
                  <test-case description="Script adc-functions-stat-basic.ps1 should be signed" name="General project validation.Script adc-functions-stat-basic.ps1 should be signed" time="0.0759" asserts="0" success="True" result="Success" executed="True" />
                  <test-case description="Script adc-functions-stat-bot.ps1 should be signed" name="General project validation.Script adc-functions-stat-bot.ps1 should be signed" time="0.0892" asserts="0" success="True" result="Success" executed="True" />
                  <test-case description="Script adc-functions-stat-cache.ps1 should be signed" name="General project validation.Script adc-functions-stat-cache.ps1 should be signed" time="0.0929" asserts="0" success="True" result="Success" executed="True" />
                  <test-case description="Script adc-functions-stat-cluster.ps1 should be signed" name="General project validation.Script adc-functions-stat-cluster.ps1 should be signed" time="0.0878" asserts="0" success="True" result="Success" executed="True" />
                  <test-case description="Script adc-functions-stat-cmp.ps1 should be signed" name="General project validation.Script adc-functions-stat-cmp.ps1 should be signed" time="0.0644" asserts="0" success="True" result="Success" executed="True" />
                  <test-case description="Script adc-functions-stat-contentinspection.ps1 should be signed" name="General project validation.Script adc-functions-stat-contentinspection.ps1 should be signed" time="0.0701" asserts="0" success="True" result="Success" executed="True" />
                  <test-case description="Script adc-functions-stat-cr.ps1 should be signed" name="General project validation.Script adc-functions-stat-cr.ps1 should be signed" time="0.1269" asserts="0" success="True" result="Success" executed="True" />
                  <test-case description="Script adc-functions-stat-cs.ps1 should be signed" name="General project validation.Script adc-functions-stat-cs.ps1 should be signed" time="0.0794" asserts="0" success="True" result="Success" executed="True" />
                  <test-case description="Script adc-functions-stat-dns.ps1 should be signed" name="General project validation.Script adc-functions-stat-dns.ps1 should be signed" time="0.0796" asserts="0" success="True" result="Success" executed="True" />
                  <test-case description="Script adc-functions-stat-dos.ps1 should be signed" name="General project validation.Script adc-functions-stat-dos.ps1 should be signed" time="0.0843" asserts="0" success="True" result="Success" executed="True" />
                  <test-case description="Script adc-functions-stat-feo.ps1 should be signed" name="General project validation.Script adc-functions-stat-feo.ps1 should be signed" time="0.085" asserts="0" success="True" result="Success" executed="True" />
                  <test-case description="Script adc-functions-stat-gslb.ps1 should be signed" name="General project validation.Script adc-functions-stat-gslb.ps1 should be signed" time="0.063" asserts="0" success="True" result="Success" executed="True" />
                  <test-case description="Script adc-functions-stat-ha.ps1 should be signed" name="General project validation.Script adc-functions-stat-ha.ps1 should be signed" time="0.0652" asserts="0" success="True" result="Success" executed="True" />
                  <test-case description="Script adc-functions-stat-ica.ps1 should be signed" name="General project validation.Script adc-functions-stat-ica.ps1 should be signed" time="0.0667" asserts="0" success="True" result="Success" executed="True" />
                  <test-case description="Script adc-functions-stat-ipsec.ps1 should be signed" name="General project validation.Script adc-functions-stat-ipsec.ps1 should be signed" time="0.0715" asserts="0" success="True" result="Success" executed="True" />
                  <test-case description="Script adc-functions-stat-ipsecalg.ps1 should be signed" name="General project validation.Script adc-functions-stat-ipsecalg.ps1 should be signed" time="0.0574" asserts="0" success="True" result="Success" executed="True" />
                  <test-case description="Script adc-functions-stat-lb.ps1 should be signed" name="General project validation.Script adc-functions-stat-lb.ps1 should be signed" time="0.0935" asserts="0" success="True" result="Success" executed="True" />
                  <test-case description="Script adc-functions-stat-lldp.ps1 should be signed" name="General project validation.Script adc-functions-stat-lldp.ps1 should be signed" time="0.0866" asserts="0" success="True" result="Success" executed="True" />
                  <test-case description="Script adc-functions-stat-lsn.ps1 should be signed" name="General project validation.Script adc-functions-stat-lsn.ps1 should be signed" time="0.0724" asserts="0" success="True" result="Success" executed="True" />
                  <test-case description="Script adc-functions-stat-network.ps1 should be signed" name="General project validation.Script adc-functions-stat-network.ps1 should be signed" time="0.0995" asserts="0" success="True" result="Success" executed="True" />
                  <test-case description="Script adc-functions-stat-ns.ps1 should be signed" name="General project validation.Script adc-functions-stat-ns.ps1 should be signed" time="0.0725" asserts="0" success="True" result="Success" executed="True" />
                  <test-case description="Script adc-functions-stat-pcp.ps1 should be signed" name="General project validation.Script adc-functions-stat-pcp.ps1 should be signed" time="0.1347" asserts="0" success="True" result="Success" executed="True" />
                  <test-case description="Script adc-functions-stat-pq.ps1 should be signed" name="General project validation.Script adc-functions-stat-pq.ps1 should be signed" time="0.0866" asserts="0" success="True" result="Success" executed="True" />
                  <test-case description="Script adc-functions-stat-protocol.ps1 should be signed" name="General project validation.Script adc-functions-stat-protocol.ps1 should be signed" time="0.1178" asserts="0" success="True" result="Success" executed="True" />
                  <test-case description="Script adc-functions-stat-qos.ps1 should be signed" name="General project validation.Script adc-functions-stat-qos.ps1 should be signed" time="0.0864" asserts="0" success="True" result="Success" executed="True" />
                  <test-case description="Script adc-functions-stat-responder.ps1 should be signed" name="General project validation.Script adc-functions-stat-responder.ps1 should be signed" time="0.0602" asserts="0" success="True" result="Success" executed="True" />
                  <test-case description="Script adc-functions-stat-rewrite.ps1 should be signed" name="General project validation.Script adc-functions-stat-rewrite.ps1 should be signed" time="0.0726" asserts="0" success="True" result="Success" executed="True" />
                  <test-case description="Script adc-functions-stat-sc.ps1 should be signed" name="General project validation.Script adc-functions-stat-sc.ps1 should be signed" time="0.0804" asserts="0" success="True" result="Success" executed="True" />
                  <test-case description="Script adc-functions-stat-snmp.ps1 should be signed" name="General project validation.Script adc-functions-stat-snmp.ps1 should be signed" time="0.0722" asserts="0" success="True" result="Success" executed="True" />
                  <test-case description="Script adc-functions-stat-spillover.ps1 should be signed" name="General project validation.Script adc-functions-stat-spillover.ps1 should be signed" time="0.0774" asserts="0" success="True" result="Success" executed="True" />
                  <test-case description="Script adc-functions-stat-ssl.ps1 should be signed" name="General project validation.Script adc-functions-stat-ssl.ps1 should be signed" time="0.1147" asserts="0" success="True" result="Success" executed="True" />
                  <test-case description="Script adc-functions-stat-stream.ps1 should be signed" name="General project validation.Script adc-functions-stat-stream.ps1 should be signed" time="0.0986" asserts="0" success="True" result="Success" executed="True" />
                  <test-case description="Script adc-functions-stat-system.ps1 should be signed" name="General project validation.Script adc-functions-stat-system.ps1 should be signed" time="0.0882" asserts="0" success="True" result="Success" executed="True" />
                  <test-case description="Script adc-functions-stat-tm.ps1 should be signed" name="General project validation.Script adc-functions-stat-tm.ps1 should be signed" time="0.1039" asserts="0" success="True" result="Success" executed="True" />
                  <test-case description="Script adc-functions-stat-transform.ps1 should be signed" name="General project validation.Script adc-functions-stat-transform.ps1 should be signed" time="0.1031" asserts="0" success="True" result="Success" executed="True" />
                  <test-case description="Script adc-functions-stat-tunnel.ps1 should be signed" name="General project validation.Script adc-functions-stat-tunnel.ps1 should be signed" time="0.129" asserts="0" success="True" result="Success" executed="True" />
                  <test-case description="Script adc-functions-stat-user.ps1 should be signed" name="General project validation.Script adc-functions-stat-user.ps1 should be signed" time="0.076" asserts="0" success="True" result="Success" executed="True" />
                  <test-case description="Script adc-functions-stat-videooptimization.ps1 should be signed" name="General project validation.Script adc-functions-stat-videooptimization.ps1 should be signed" time="0.0823" asserts="0" success="True" result="Success" executed="True" />
                  <test-case description="Script adc-functions-stat-vpn.ps1 should be signed" name="General project validation.Script adc-functions-stat-vpn.ps1 should be signed" time="0.0686" asserts="0" success="True" result="Success" executed="True" />
                  <test-case description="Script Connect-ADCHANodes.ps1 should be signed" name="General project validation.Script Connect-ADCHANodes.ps1 should be signed" time="0.0545" asserts="0" success="True" result="Success" executed="True" />
                  <test-case description="Script Connect-ADCNode.ps1 should be signed" name="General project validation.Script Connect-ADCNode.ps1 should be signed" time="0.072" asserts="0" success="True" result="Success" executed="True" />
                  <test-case description="Script Disconnect-ADCNode.ps1 should be signed" name="General project validation.Script Disconnect-ADCNode.ps1 should be signed" time="0.05" asserts="0" success="True" result="Success" executed="True" />
                  <test-case description="Script Expand-ADCResult.ps1 should be signed" name="General project validation.Script Expand-ADCResult.ps1 should be signed" time="0.0708" asserts="0" success="True" result="Success" executed="True" />
                  <test-case description="Script Get-ADCSession.ps1 should be signed" name="General project validation.Script Get-ADCSession.ps1 should be signed" time="0.0585" asserts="0" success="True" result="Success" executed="True" />
                  <test-case description="Script Invoke-ADCCleanCertKeyFiles.ps1 should be signed" name="General project validation.Script Invoke-ADCCleanCertKeyFiles.ps1 should be signed" time="0.0629" asserts="0" success="True" result="Success" executed="True" />
                  <test-case description="Script Invoke-ADCGetSystemFileDirectories.ps1 should be signed" name="General project validation.Script Invoke-ADCGetSystemFileDirectories.ps1 should be signed" time="0.085" asserts="0" success="True" result="Success" executed="True" />
                  <test-case description="Script Invoke-ADCNitroApi.ps1 should be signed" name="General project validation.Script Invoke-ADCNitroApi.ps1 should be signed" time="0.0548" asserts="0" success="True" result="Success" executed="True" />
                </results>
              </test-suite>
              <test-suite type="ParameterizedTest" name="General project validation.Script &lt;file.Name&gt; should pass ScriptAnalyzer" executed="True" result="Success" success="True" time="34.2109" asserts="0" description="Script &lt;file.Name&gt; should pass ScriptAnalyzer">
                <results>
                  <test-case description="Script ConvertFrom-ADCVersion.ps1 should pass ScriptAnalyzer" name="General project validation.Script ConvertFrom-ADCVersion.ps1 should pass ScriptAnalyzer" time="0.2318" asserts="0" success="True" result="Success" executed="True" />
                  <test-case description="Script Invoke-ADCRetrieveCertificateRemoveInfo.ps1 should pass ScriptAnalyzer" name="General project validation.Script Invoke-ADCRetrieveCertificateRemoveInfo.ps1 should pass ScriptAnalyzer" time="0.141" asserts="0" success="True" result="Success" executed="True" />
                  <test-case description="Script Write-ADCText.ps1 should pass ScriptAnalyzer" name="General project validation.Script Write-ADCText.ps1 should pass ScriptAnalyzer" time="0.0993" asserts="0" success="True" result="Success" executed="True" />
                  <test-case description="Script Write-ConsoleText.ps1 should pass ScriptAnalyzer" name="General project validation.Script Write-ConsoleText.ps1 should pass ScriptAnalyzer" time="0.0962" asserts="0" success="True" result="Success" executed="True" />
                  <test-case description="Script adc-functions-conf-aaa.ps1 should pass ScriptAnalyzer" name="General project validation.Script adc-functions-conf-aaa.ps1 should pass ScriptAnalyzer" time="0.7582" asserts="0" success="True" result="Success" executed="True" />
                  <test-case description="Script adc-functions-conf-adm.ps1 should pass ScriptAnalyzer" name="General project validation.Script adc-functions-conf-adm.ps1 should pass ScriptAnalyzer" time="0.1068" asserts="0" success="True" result="Success" executed="True" />
                  <test-case description="Script adc-functions-conf-analytics.ps1 should pass ScriptAnalyzer" name="General project validation.Script adc-functions-conf-analytics.ps1 should pass ScriptAnalyzer" time="0.1068" asserts="0" success="True" result="Success" executed="True" />
                  <test-case description="Script adc-functions-conf-app.ps1 should pass ScriptAnalyzer" name="General project validation.Script adc-functions-conf-app.ps1 should pass ScriptAnalyzer" time="0.0921" asserts="0" success="True" result="Success" executed="True" />
                  <test-case description="Script adc-functions-conf-appflow.ps1 should pass ScriptAnalyzer" name="General project validation.Script adc-functions-conf-appflow.ps1 should pass ScriptAnalyzer" time="0.2412" asserts="0" success="True" result="Success" executed="True" />
                  <test-case description="Script adc-functions-conf-appfw.ps1 should pass ScriptAnalyzer" name="General project validation.Script adc-functions-conf-appfw.ps1 should pass ScriptAnalyzer" time="1.5036" asserts="0" success="True" result="Success" executed="True" />
                  <test-case description="Script adc-functions-conf-appqoe.ps1 should pass ScriptAnalyzer" name="General project validation.Script adc-functions-conf-appqoe.ps1 should pass ScriptAnalyzer" time="0.1109" asserts="0" success="True" result="Success" executed="True" />
                  <test-case description="Script adc-functions-conf-audit.ps1 should pass ScriptAnalyzer" name="General project validation.Script adc-functions-conf-audit.ps1 should pass ScriptAnalyzer" time="0.2853" asserts="0" success="True" result="Success" executed="True" />
                  <test-case description="Script adc-functions-conf-authentication.ps1 should pass ScriptAnalyzer" name="General project validation.Script adc-functions-conf-authentication.ps1 should pass ScriptAnalyzer" time="3.6796" asserts="0" success="True" result="Success" executed="True" />
                  <test-case description="Script adc-functions-conf-authorization.ps1 should pass ScriptAnalyzer" name="General project validation.Script adc-functions-conf-authorization.ps1 should pass ScriptAnalyzer" time="0.1592" asserts="0" success="True" result="Success" executed="True" />
                  <test-case description="Script adc-functions-conf-autoscale.ps1 should pass ScriptAnalyzer" name="General project validation.Script adc-functions-conf-autoscale.ps1 should pass ScriptAnalyzer" time="0.1117" asserts="0" success="True" result="Success" executed="True" />
                  <test-case description="Script adc-functions-conf-azure.ps1 should pass ScriptAnalyzer" name="General project validation.Script adc-functions-conf-azure.ps1 should pass ScriptAnalyzer" time="0.0877" asserts="0" success="True" result="Success" executed="True" />
                  <test-case description="Script adc-functions-conf-basic.ps1 should pass ScriptAnalyzer" name="General project validation.Script adc-functions-conf-basic.ps1 should pass ScriptAnalyzer" time="0.3146" asserts="0" success="True" result="Success" executed="True" />
                  <test-case description="Script adc-functions-conf-bfd.ps1 should pass ScriptAnalyzer" name="General project validation.Script adc-functions-conf-bfd.ps1 should pass ScriptAnalyzer" time="0.0662" asserts="0" success="True" result="Success" executed="True" />
                  <test-case description="Script adc-functions-conf-bot.ps1 should pass ScriptAnalyzer" name="General project validation.Script adc-functions-conf-bot.ps1 should pass ScriptAnalyzer" time="0.2782" asserts="0" success="True" result="Success" executed="True" />
                  <test-case description="Script adc-functions-conf-cache.ps1 should pass ScriptAnalyzer" name="General project validation.Script adc-functions-conf-cache.ps1 should pass ScriptAnalyzer" time="0.1883" asserts="0" success="True" result="Success" executed="True" />
                  <test-case description="Script adc-functions-conf-cloud.ps1 should pass ScriptAnalyzer" name="General project validation.Script adc-functions-conf-cloud.ps1 should pass ScriptAnalyzer" time="0.1373" asserts="0" success="True" result="Success" executed="True" />
                  <test-case description="Script adc-functions-conf-cluster.ps1 should pass ScriptAnalyzer" name="General project validation.Script adc-functions-conf-cluster.ps1 should pass ScriptAnalyzer" time="0.2946" asserts="0" success="True" result="Success" executed="True" />
                  <test-case description="Script adc-functions-conf-cmp.ps1 should pass ScriptAnalyzer" name="General project validation.Script adc-functions-conf-cmp.ps1 should pass ScriptAnalyzer" time="0.1309" asserts="0" success="True" result="Success" executed="True" />
                  <test-case description="Script adc-functions-conf-contentinspection.ps1 should pass ScriptAnalyzer" name="General project validation.Script adc-functions-conf-contentinspection.ps1 should pass ScriptAnalyzer" time="0.1488" asserts="0" success="True" result="Success" executed="True" />
                  <test-case description="Script adc-functions-conf-cr.ps1 should pass ScriptAnalyzer" name="General project validation.Script adc-functions-conf-cr.ps1 should pass ScriptAnalyzer" time="0.276" asserts="0" success="True" result="Success" executed="True" />
                  <test-case description="Script adc-functions-conf-cs.ps1 should pass ScriptAnalyzer" name="General project validation.Script adc-functions-conf-cs.ps1 should pass ScriptAnalyzer" time="0.6018" asserts="0" success="True" result="Success" executed="True" />
                  <test-case description="Script adc-functions-conf-db.ps1 should pass ScriptAnalyzer" name="General project validation.Script adc-functions-conf-db.ps1 should pass ScriptAnalyzer" time="0.1143" asserts="0" success="True" result="Success" executed="True" />
                  <test-case description="Script adc-functions-conf-dns.ps1 should pass ScriptAnalyzer" name="General project validation.Script adc-functions-conf-dns.ps1 should pass ScriptAnalyzer" time="0.5172" asserts="0" success="True" result="Success" executed="True" />
                  <test-case description="Script adc-functions-conf-dos.ps1 should pass ScriptAnalyzer" name="General project validation.Script adc-functions-conf-dos.ps1 should pass ScriptAnalyzer" time="0.0838" asserts="0" success="True" result="Success" executed="True" />
                  <test-case description="Script adc-functions-conf-feo.ps1 should pass ScriptAnalyzer" name="General project validation.Script adc-functions-conf-feo.ps1 should pass ScriptAnalyzer" time="0.2515" asserts="0" success="True" result="Success" executed="True" />
                  <test-case description="Script adc-functions-conf-filter.ps1 should pass ScriptAnalyzer" name="General project validation.Script adc-functions-conf-filter.ps1 should pass ScriptAnalyzer" time="0.2201" asserts="0" success="True" result="Success" executed="True" />
                  <test-case description="Script adc-functions-conf-gslb.ps1 should pass ScriptAnalyzer" name="General project validation.Script adc-functions-conf-gslb.ps1 should pass ScriptAnalyzer" time="0.353" asserts="0" success="True" result="Success" executed="True" />
                  <test-case description="Script adc-functions-conf-ha.ps1 should pass ScriptAnalyzer" name="General project validation.Script adc-functions-conf-ha.ps1 should pass ScriptAnalyzer" time="0.0921" asserts="0" success="True" result="Success" executed="True" />
                  <test-case description="Script adc-functions-conf-ica.ps1 should pass ScriptAnalyzer" name="General project validation.Script adc-functions-conf-ica.ps1 should pass ScriptAnalyzer" time="0.1175" asserts="0" success="True" result="Success" executed="True" />
[...]
                  <test-case description="Script adc-functions-conf-system.ps1 should pass ScriptAnalyzer" name="General project validation.Script adc-functions-conf-system.ps1 should pass ScriptAnalyzer" time="0.5335" asserts="0" success="True" result="Success" executed="True" />
                  <test-case description="Script adc-functions-conf-tm.ps1 should pass ScriptAnalyzer" name="General project validation.Script adc-functions-conf-tm.ps1 should pass ScriptAnalyzer" time="0.2584" asserts="0" success="True" result="Success" executed="True" />
                  <test-case description="Script adc-functions-conf-transform.ps1 should pass ScriptAnalyzer" name="General project validation.Script adc-functions-conf-transform.ps1 should pass ScriptAnalyzer" time="0.2111" asserts="0" success="True" result="Success" executed="True" />
                  <test-case description="Script adc-functions-conf-tunnel.ps1 should pass ScriptAnalyzer" name="General project validation.Script adc-functions-conf-tunnel.ps1 should pass ScriptAnalyzer" time="0.0993" asserts="0" success="True" result="Success" executed="True" />
                  <test-case description="Script adc-functions-conf-ulfd.ps1 should pass ScriptAnalyzer" name="General project validation.Script adc-functions-conf-ulfd.ps1 should pass ScriptAnalyzer" time="0.0984" asserts="0" success="True" result="Success" executed="True" />
                  <test-case description="Script adc-functions-conf-urlfiltering.ps1 should pass ScriptAnalyzer" name="General project validation.Script adc-functions-conf-urlfiltering.ps1 should pass ScriptAnalyzer" time="0.123" asserts="0" success="True" result="Success" executed="True" />
                  <test-case description="Script adc-functions-conf-user.ps1 should pass ScriptAnalyzer" name="General project validation.Script adc-functions-conf-user.ps1 should pass ScriptAnalyzer" time="0.0959" asserts="0" success="True" result="Success" executed="True" />
                  <test-case description="Script adc-functions-conf-utility.ps1 should pass ScriptAnalyzer" name="General project validation.Script adc-functions-conf-utility.ps1 should pass ScriptAnalyzer" time="0.9604" asserts="0" success="True" result="Success" executed="True" />
                  <test-case description="Script adc-functions-conf-videooptimization.ps1 should pass ScriptAnalyzer" name="General project validation.Script adc-functions-conf-videooptimization.ps1 should pass ScriptAnalyzer" time="0.2444" asserts="0" success="True" result="Success" executed="True" />
                  <test-case description="Script adc-functions-conf-vpn.ps1 should pass ScriptAnalyzer" name="General project validation.Script adc-functions-conf-vpn.ps1 should pass ScriptAnalyzer" time="3.2731" asserts="0" success="True" result="Success" executed="True" />
                  <test-case description="Script adc-functions-conf-wf.ps1 should pass ScriptAnalyzer" name="General project validation.Script adc-functions-conf-wf.ps1 should pass ScriptAnalyzer" time="0.1613" asserts="0" success="True" result="Success" executed="True" />
                  <test-case description="Script adc-functions-conf-wi.ps1 should pass ScriptAnalyzer" name="General project validation.Script adc-functions-conf-wi.ps1 should pass ScriptAnalyzer" time="0.1184" asserts="0" success="True" result="Success" executed="True" />
                  <test-case description="Script adc-functions-conf-xm.ps1 should pass ScriptAnalyzer" name="General project validation.Script adc-functions-conf-xm.ps1 should pass ScriptAnalyzer" time="0.0865" asserts="0" success="True" result="Success" executed="True" />
                  <test-case description="Script adc-functions-stat-aaa.ps1 should pass ScriptAnalyzer" name="General project validation.Script adc-functions-stat-aaa.ps1 should pass ScriptAnalyzer" time="0.0665" asserts="0" success="True" result="Success" executed="True" />
                  <test-case description="Script adc-functions-stat-appflow.ps1 should pass ScriptAnalyzer" name="General project validation.Script adc-functions-stat-appflow.ps1 should pass ScriptAnalyzer" time="0.1068" asserts="0" success="True" result="Success" executed="True" />
                  <test-case description="Script adc-functions-stat-appfw.ps1 should pass ScriptAnalyzer" name="General project validation.Script adc-functions-stat-appfw.ps1 should pass ScriptAnalyzer" time="0.1092" asserts="0" success="True" result="Success" executed="True" />
                  <test-case description="Script adc-functions-stat-appqoe.ps1 should pass ScriptAnalyzer" name="General project validation.Script adc-functions-stat-appqoe.ps1 should pass ScriptAnalyzer" time="0.079" asserts="0" success="True" result="Success" executed="True" />
                  <test-case description="Script adc-functions-stat-audit.ps1 should pass ScriptAnalyzer" name="General project validation.Script adc-functions-stat-audit.ps1 should pass ScriptAnalyzer" time="0.0629" asserts="0" success="True" result="Success" executed="True" />
                  <test-case description="Script adc-functions-stat-authentication.ps1 should pass ScriptAnalyzer" name="General project validation.Script adc-functions-stat-authentication.ps1 should pass ScriptAnalyzer" time="0.0704" asserts="0" success="True" result="Success" executed="True" />
                  <test-case description="Script adc-functions-stat-authorization.ps1 should pass ScriptAnalyzer" name="General project validation.Script adc-functions-stat-authorization.ps1 should pass ScriptAnalyzer" time="0.0673" asserts="0" success="True" result="Success" executed="True" />
                  <test-case description="Script adc-functions-stat-autoscale.ps1 should pass ScriptAnalyzer" name="General project validation.Script adc-functions-stat-autoscale.ps1 should pass ScriptAnalyzer" time="0.088" asserts="0" success="True" result="Success" executed="True" />
                  <test-case description="Script adc-functions-stat-basic.ps1 should pass ScriptAnalyzer" name="General project validation.Script adc-functions-stat-basic.ps1 should pass ScriptAnalyzer" time="0.0717" asserts="0" success="True" result="Success" executed="True" />
                  <test-case description="Script adc-functions-stat-bot.ps1 should pass ScriptAnalyzer" name="General project validation.Script adc-functions-stat-bot.ps1 should pass ScriptAnalyzer" time="0.1217" asserts="0" success="True" result="Success" executed="True" />
                  <test-case description="Script adc-functions-stat-cache.ps1 should pass ScriptAnalyzer" name="General project validation.Script adc-functions-stat-cache.ps1 should pass ScriptAnalyzer" time="0.113" asserts="0" success="True" result="Success" executed="True" />
                  <test-case description="Script adc-functions-stat-cluster.ps1 should pass ScriptAnalyzer" name="General project validation.Script adc-functions-stat-cluster.ps1 should pass ScriptAnalyzer" time="0.123" asserts="0" success="True" result="Success" executed="True" />
                  <test-case description="Script adc-functions-stat-cmp.ps1 should pass ScriptAnalyzer" name="General project validation.Script adc-functions-stat-cmp.ps1 should pass ScriptAnalyzer" time="0.1269" asserts="0" success="True" result="Success" executed="True" />
                  <test-case description="Script adc-functions-stat-contentinspection.ps1 should pass ScriptAnalyzer" name="General project validation.Script adc-functions-stat-contentinspection.ps1 should pass ScriptAnalyzer" time="0.1013" asserts="0" success="True" result="Success" executed="True" />
                  <test-case description="Script adc-functions-stat-cr.ps1 should pass ScriptAnalyzer" name="General project validation.Script adc-functions-stat-cr.ps1 should pass ScriptAnalyzer" time="0.1064" asserts="0" success="True" result="Success" executed="True" />
                  <test-case description="Script adc-functions-stat-cs.ps1 should pass ScriptAnalyzer" name="General project validation.Script adc-functions-stat-cs.ps1 should pass ScriptAnalyzer" time="0.1129" asserts="0" success="True" result="Success" executed="True" />
                  <test-case description="Script adc-functions-stat-dns.ps1 should pass ScriptAnalyzer" name="General project validation.Script adc-functions-stat-dns.ps1 should pass ScriptAnalyzer" time="0.0897" asserts="0" success="True" result="Success" executed="True" />
                  <test-case description="Script adc-functions-stat-dos.ps1 should pass ScriptAnalyzer" name="General project validation.Script adc-functions-stat-dos.ps1 should pass ScriptAnalyzer" time="0.0697" asserts="0" success="True" result="Success" executed="True" />
                  <test-case description="Script adc-functions-stat-feo.ps1 should pass ScriptAnalyzer" name="General project validation.Script adc-functions-stat-feo.ps1 should pass ScriptAnalyzer" time="0.0678" asserts="0" success="True" result="Success" executed="True" />
                  <test-case description="Script adc-functions-stat-gslb.ps1 should pass ScriptAnalyzer" name="General project validation.Script adc-functions-stat-gslb.ps1 should pass ScriptAnalyzer" time="0.0858" asserts="0" success="True" result="Success" executed="True" />
                  <test-case description="Script adc-functions-stat-ha.ps1 should pass ScriptAnalyzer" name="General project validation.Script adc-functions-stat-ha.ps1 should pass ScriptAnalyzer" time="0.0724" asserts="0" success="True" result="Success" executed="True" />
                  <test-case description="Script adc-functions-stat-ica.ps1 should pass ScriptAnalyzer" name="General project validation.Script adc-functions-stat-ica.ps1 should pass ScriptAnalyzer" time="0.0688" asserts="0" success="True" result="Success" executed="True" />
                  <test-case description="Script adc-functions-stat-ipsec.ps1 should pass ScriptAnalyzer" name="General project validation.Script adc-functions-stat-ipsec.ps1 should pass ScriptAnalyzer" time="0.0812" asserts="0" success="True" result="Success" executed="True" />
                  <test-case description="Script adc-functions-stat-ipsecalg.ps1 should pass ScriptAnalyzer" name="General project validation.Script adc-functions-stat-ipsecalg.ps1 should pass ScriptAnalyzer" time="0.115" asserts="0" success="True" result="Success" executed="True" />
                  <test-case description="Script adc-functions-stat-lb.ps1 should pass ScriptAnalyzer" name="General project validation.Script adc-functions-stat-lb.ps1 should pass ScriptAnalyzer" time="0.0813" asserts="0" success="True" result="Success" executed="True" />
                  <test-case description="Script adc-functions-stat-lldp.ps1 should pass ScriptAnalyzer" name="General project validation.Script adc-functions-stat-lldp.ps1 should pass ScriptAnalyzer" time="0.0824" asserts="0" success="True" result="Success" executed="True" />
                  <test-case description="Script adc-functions-stat-lsn.ps1 should pass ScriptAnalyzer" name="General project validation.Script adc-functions-stat-lsn.ps1 should pass ScriptAnalyzer" time="0.0842" asserts="0" success="True" result="Success" executed="True" />
                  <test-case description="Script adc-functions-stat-network.ps1 should pass ScriptAnalyzer" name="General project validation.Script adc-functions-stat-network.ps1 should pass ScriptAnalyzer" time="0.0849" asserts="0" success="True" result="Success" executed="True" />
                  <test-case description="Script adc-functions-stat-ns.ps1 should pass ScriptAnalyzer" name="General project validation.Script adc-functions-stat-ns.ps1 should pass ScriptAnalyzer" time="0.1123" asserts="0" success="True" result="Success" executed="True" />
                  <test-case description="Script adc-functions-stat-pcp.ps1 should pass ScriptAnalyzer" name="General project validation.Script adc-functions-stat-pcp.ps1 should pass ScriptAnalyzer" time="0.0801" asserts="0" success="True" result="Success" executed="True" />
                  <test-case description="Script adc-functions-stat-pq.ps1 should pass ScriptAnalyzer" name="General project validation.Script adc-functions-stat-pq.ps1 should pass ScriptAnalyzer" time="0.0967" asserts="0" success="True" result="Success" executed="True" />
                  <test-case description="Script adc-functions-stat-protocol.ps1 should pass ScriptAnalyzer" name="General project validation.Script adc-functions-stat-protocol.ps1 should pass ScriptAnalyzer" time="0.1078" asserts="0" success="True" result="Success" executed="True" />
                  <test-case description="Script adc-functions-stat-qos.ps1 should pass ScriptAnalyzer" name="General project validation.Script adc-functions-stat-qos.ps1 should pass ScriptAnalyzer" time="0.0959" asserts="0" success="True" result="Success" executed="True" />
                  <test-case description="Script adc-functions-stat-responder.ps1 should pass ScriptAnalyzer" name="General project validation.Script adc-functions-stat-responder.ps1 should pass ScriptAnalyzer" time="0.0954" asserts="0" success="True" result="Success" executed="True" />
                  <test-case description="Script adc-functions-stat-rewrite.ps1 should pass ScriptAnalyzer" name="General project validation.Script adc-functions-stat-rewrite.ps1 should pass ScriptAnalyzer" time="0.0771" asserts="0" success="True" result="Success" executed="True" />
                  <test-case description="Script adc-functions-stat-sc.ps1 should pass ScriptAnalyzer" name="General project validation.Script adc-functions-stat-sc.ps1 should pass ScriptAnalyzer" time="0.0805" asserts="0" success="True" result="Success" executed="True" />
                  <test-case description="Script adc-functions-stat-snmp.ps1 should pass ScriptAnalyzer" name="General project validation.Script adc-functions-stat-snmp.ps1 should pass ScriptAnalyzer" time="0.1024" asserts="0" success="True" result="Success" executed="True" />
                  <test-case description="Script adc-functions-stat-spillover.ps1 should pass ScriptAnalyzer" name="General project validation.Script adc-functions-stat-spillover.ps1 should pass ScriptAnalyzer" time="0.1066" asserts="0" success="True" result="Success" executed="True" />
                  <test-case description="Script adc-functions-stat-ssl.ps1 should pass ScriptAnalyzer" name="General project validation.Script adc-functions-stat-ssl.ps1 should pass ScriptAnalyzer" time="0.1055" asserts="0" success="True" result="Success" executed="True" />
                  <test-case description="Script adc-functions-stat-stream.ps1 should pass ScriptAnalyzer" name="General project validation.Script adc-functions-stat-stream.ps1 should pass ScriptAnalyzer" time="0.1047" asserts="0" success="True" result="Success" executed="True" />
                  <test-case description="Script adc-functions-stat-system.ps1 should pass ScriptAnalyzer" name="General project validation.Script adc-functions-stat-system.ps1 should pass ScriptAnalyzer" time="0.1138" asserts="0" success="True" result="Success" executed="True" />
                  <test-case description="Script adc-functions-stat-tm.ps1 should pass ScriptAnalyzer" name="General project validation.Script adc-functions-stat-tm.ps1 should pass ScriptAnalyzer" time="0.0955" asserts="0" success="True" result="Success" executed="True" />
                  <test-case description="Script adc-functions-stat-transform.ps1 should pass ScriptAnalyzer" name="General project validation.Script adc-functions-stat-transform.ps1 should pass ScriptAnalyzer" time="0.0839" asserts="0" success="True" result="Success" executed="True" />
                  <test-case description="Script adc-functions-stat-tunnel.ps1 should pass ScriptAnalyzer" name="General project validation.Script adc-functions-stat-tunnel.ps1 should pass ScriptAnalyzer" time="0.1895" asserts="0" success="True" result="Success" executed="True" />
                  <test-case description="Script adc-functions-stat-user.ps1 should pass ScriptAnalyzer" name="General project validation.Script adc-functions-stat-user.ps1 should pass ScriptAnalyzer" time="0.1119" asserts="0" success="True" result="Success" executed="True" />
                  <test-case description="Script adc-functions-stat-videooptimization.ps1 should pass ScriptAnalyzer" name="General project validation.Script adc-functions-stat-videooptimization.ps1 should pass ScriptAnalyzer" time="0.097" asserts="0" success="True" result="Success" executed="True" />
                  <test-case description="Script adc-functions-stat-vpn.ps1 should pass ScriptAnalyzer" name="General project validation.Script adc-functions-stat-vpn.ps1 should pass ScriptAnalyzer" time="0.0863" asserts="0" success="True" result="Success" executed="True" />
                  <test-case description="Script Connect-ADCHANodes.ps1 should pass ScriptAnalyzer" name="General project validation.Script Connect-ADCHANodes.ps1 should pass ScriptAnalyzer" time="0.0827" asserts="0" success="True" result="Success" executed="True" />
                  <test-case description="Script Connect-ADCNode.ps1 should pass ScriptAnalyzer" name="General project validation.Script Connect-ADCNode.ps1 should pass ScriptAnalyzer" time="0.091" asserts="0" success="True" result="Success" executed="True" />
                  <test-case description="Script Disconnect-ADCNode.ps1 should pass ScriptAnalyzer" name="General project validation.Script Disconnect-ADCNode.ps1 should pass ScriptAnalyzer" time="0.0827" asserts="0" success="True" result="Success" executed="True" />
                  <test-case description="Script Expand-ADCResult.ps1 should pass ScriptAnalyzer" name="General project validation.Script Expand-ADCResult.ps1 should pass ScriptAnalyzer" time="0.0925" asserts="0" success="True" result="Success" executed="True" />
                  <test-case description="Script Get-ADCSession.ps1 should pass ScriptAnalyzer" name="General project validation.Script Get-ADCSession.ps1 should pass ScriptAnalyzer" time="0.0861" asserts="0" success="True" result="Success" executed="True" />
                  <test-case description="Script Invoke-ADCCleanCertKeyFiles.ps1 should pass ScriptAnalyzer" name="General project validation.Script Invoke-ADCCleanCertKeyFiles.ps1 should pass ScriptAnalyzer" time="0.0905" asserts="0" success="True" result="Success" executed="True" />
                  <test-case description="Script Invoke-ADCGetSystemFileDirectories.ps1 should pass ScriptAnalyzer" name="General project validation.Script Invoke-ADCGetSystemFileDirectories.ps1 should pass ScriptAnalyzer" time="0.0652" asserts="0" success="True" result="Success" executed="True" />
                  <test-case description="Script Invoke-ADCNitroApi.ps1 should pass ScriptAnalyzer" name="General project validation.Script Invoke-ADCNitroApi.ps1 should pass ScriptAnalyzer" time="0.0755" asserts="0" success="True" result="Success" executed="True" />
                </results>
              </test-suite>
            </results>
          </test-suite>
          <test-suite type="TestFixture" name="Module Metadata validation" executed="True" result="Success" success="True" time="90.994" asserts="0" description="Module Metadata validation">
            <results>
              <test-case description="Script fileinfo should be OK" name="Module Metadata validation.Script fileinfo should be OK" time="21.0445" asserts="0" success="True" result="Success" executed="True" />
              <test-case description="Import module should be OK" name="Module Metadata validation.Import module should be OK" time="0.7901" asserts="0" success="True" result="Success" executed="True" />
            </results>
          </test-suite>
        </results>
      </test-suite>
    </results>
  </test-suite>
</test-results>